[ 2023-04-24 20:10:56,597 ] 16 root - INFO - >>>>>>>>>>>>>>>>>>>>>>>>>>>>>>>>>>>>>>>> Data Ingestion <<<<<<<<<<<<<<<<<<<<<<<<<<<<<<<<<<<<<<<<
[ 2023-04-24 20:10:56,597 ] 23 root - INFO - Exporting collection data as pandas dataframe
[ 2023-04-24 20:10:56,597 ] 20 root - INFO - Reading data from database: aps and collection: sensor
[ 2023-04-24 20:10:59,995 ] 22 root - INFO - Found columns: Index(['_id', 'class', 'aa_000', 'ab_000', 'ac_000', 'ad_000', 'ae_000',
       'af_000', 'ag_000', 'ag_001',
       ...
       'ee_002', 'ee_003', 'ee_004', 'ee_005', 'ee_006', 'ee_007', 'ee_008',
       'ee_009', 'ef_000', 'eg_000'],
      dtype='object', length=172)
[ 2023-04-24 20:10:59,995 ] 24 root - INFO - Dropping column: _id
[ 2023-04-24 20:11:00,189 ] 26 root - INFO - Rows and columns in df: (36188, 171)
[ 2023-04-24 20:11:00,189 ] 29 root - INFO - Save data in feature store
[ 2023-04-24 20:11:01,530 ] 34 root - INFO - Create feature store folder if not available
[ 2023-04-24 20:11:01,531 ] 38 root - INFO - Save df to feature store folder
[ 2023-04-24 20:11:03,246 ] 43 root - INFO - split dataset into train and test set
[ 2023-04-24 20:11:03,558 ] 47 root - INFO - create dataset directory folder if not available
[ 2023-04-24 20:11:03,558 ] 52 root - INFO - Save df to feature store folder
[ 2023-04-24 20:11:05,342 ] 64 root - INFO - Data ingestion artifact: DataIngestionArtifact(feature_store_file_path='/config/workspace/artifact/04242023__201056/data_ingestion/feature_store/sensor.csv', train_file_path='/config/workspace/artifact/04242023__201056/data_ingestion/dataset/train.csv', test_file_path='/config/workspace/artifact/04242023__201056/data_ingestion/dataset/test.csv')
[ 2023-04-24 20:11:05,730 ] 22 root - INFO - >>>>>>>>>>>>>>>>>>>>>>>>>>>>>>>>>>>>>>>> Data Validation <<<<<<<<<<<<<<<<<<<<<<<<<<<<<<<<<<<<<<<<
[ 2023-04-24 20:11:05,730 ] 111 root - INFO - Reading base dataframe
[ 2023-04-24 20:11:07,932 ] 114 root - INFO - Replace na value in base df
[ 2023-04-24 20:11:07,932 ] 116 root - INFO - Drop null values colums from base df
[ 2023-04-24 20:11:08,151 ] 45 root - INFO - selecting column name which contains null above to 0.2
[ 2023-04-24 20:11:08,151 ] 48 root - INFO - Columns to drop: ['ab_000', 'ad_000', 'bk_000', 'bl_000', 'bm_000', 'bn_000', 'bo_000', 'bp_000', 'bq_000', 'br_000', 'cf_000', 'cg_000', 'ch_000', 'co_000', 'cr_000', 'ct_000', 'cu_000', 'cv_000', 'cx_000', 'cy_000', 'cz_000', 'da_000', 'db_000', 'dc_000']
[ 2023-04-24 20:11:08,237 ] 119 root - INFO - Reading train dataframe
[ 2023-04-24 20:11:08,606 ] 121 root - INFO - Reading test dataframe
[ 2023-04-24 20:11:08,712 ] 124 root - INFO - Drop null values colums from train df
[ 2023-04-24 20:11:08,727 ] 45 root - INFO - selecting column name which contains null above to 0.2
[ 2023-04-24 20:11:08,727 ] 48 root - INFO - Columns to drop: ['ab_000', 'ad_000', 'bk_000', 'bl_000', 'bm_000', 'bn_000', 'bo_000', 'bp_000', 'bq_000', 'br_000', 'cf_000', 'cg_000', 'ch_000', 'co_000', 'cr_000', 'ct_000', 'cu_000', 'cv_000', 'cx_000', 'cy_000', 'cz_000', 'da_000', 'db_000', 'dc_000']
[ 2023-04-24 20:11:08,733 ] 126 root - INFO - Drop null values colums from test df
[ 2023-04-24 20:11:08,736 ] 45 root - INFO - selecting column name which contains null above to 0.2
[ 2023-04-24 20:11:08,737 ] 48 root - INFO - Columns to drop: ['ab_000', 'ad_000', 'bk_000', 'bl_000', 'bm_000', 'bn_000', 'bo_000', 'bp_000', 'bq_000', 'br_000', 'cf_000', 'cg_000', 'ch_000', 'co_000', 'cr_000', 'ct_000', 'cu_000', 'cv_000', 'cx_000', 'cy_000', 'cz_000', 'da_000', 'db_000', 'dc_000']
[ 2023-04-24 20:11:08,740 ] 129 root - INFO - Is all required columns present in train df
[ 2023-04-24 20:11:08,740 ] 131 root - INFO - Is all required columns present in test df
[ 2023-04-24 20:11:08,741 ] 135 root - INFO - As all column are available in train df hence detecting data drift
[ 2023-04-24 20:11:08,741 ] 89 root - INFO - Hypothesis class: object, object 
[ 2023-04-24 20:11:08,882 ] 89 root - INFO - Hypothesis aa_000: int64, int64 
[ 2023-04-24 20:11:08,891 ] 89 root - INFO - Hypothesis ac_000: object, float64 
