[ 2023-04-24 19:51:11,120 ] 16 root - INFO - >>>>>>>>>>>>>>>>>>>>>>>>>>>>>>>>>>>>>>>> Data Ingestion <<<<<<<<<<<<<<<<<<<<<<<<<<<<<<<<<<<<<<<<
[ 2023-04-24 19:51:11,120 ] 23 root - INFO - Exporting collection data as pandas dataframe
[ 2023-04-24 19:51:11,120 ] 20 root - INFO - Reading data from database: aps and collection: sensor
[ 2023-04-24 19:51:14,619 ] 22 root - INFO - Found columns: Index(['_id', 'class', 'aa_000', 'ab_000', 'ac_000', 'ad_000', 'ae_000',
       'af_000', 'ag_000', 'ag_001',
       ...
       'ee_002', 'ee_003', 'ee_004', 'ee_005', 'ee_006', 'ee_007', 'ee_008',
       'ee_009', 'ef_000', 'eg_000'],
      dtype='object', length=172)
[ 2023-04-24 19:51:14,620 ] 24 root - INFO - Dropping column: _id
[ 2023-04-24 19:51:14,813 ] 26 root - INFO - Rows and columns in df: (36188, 171)
[ 2023-04-24 19:51:14,813 ] 29 root - INFO - Save data in feature store
[ 2023-04-24 19:51:16,157 ] 34 root - INFO - Create feature store folder if not available
[ 2023-04-24 19:51:16,157 ] 38 root - INFO - Save df to feature store folder
[ 2023-04-24 19:51:17,860 ] 43 root - INFO - split dataset into train and test set
[ 2023-04-24 19:51:18,160 ] 47 root - INFO - create dataset directory folder if not available
[ 2023-04-24 19:51:18,161 ] 52 root - INFO - Save df to feature store folder
[ 2023-04-24 19:51:19,930 ] 64 root - INFO - Data ingestion artifact: DataIngestionArtifact(feature_store_file_path='/config/workspace/artifact/04242023__195111/data_ingestion/feature_store/sensor.csv', train_file_path='/config/workspace/artifact/04242023__195111/data_ingestion/dataset/train.csv', test_file_path='/config/workspace/artifact/04242023__195111/data_ingestion/dataset/test.csv')
[ 2023-04-24 19:51:20,325 ] 22 root - INFO - >>>>>>>>>>>>>>>>>>>>>>>>>>>>>>>>>>>>>>>> Data Validation <<<<<<<<<<<<<<<<<<<<<<<<<<<<<<<<<<<<<<<<
[ 2023-04-24 19:51:20,326 ] 111 root - INFO - Reading base dataframe
