[ 2023-04-24 20:37:32,460 ] 16 root - INFO - >>>>>>>>>>>>>>>>>>>>>>>>>>>>>>>>>>>>>>>> Data Ingestion <<<<<<<<<<<<<<<<<<<<<<<<<<<<<<<<<<<<<<<<
[ 2023-04-24 20:37:32,460 ] 23 root - INFO - Exporting collection data as pandas dataframe
[ 2023-04-24 20:37:32,460 ] 20 root - INFO - Reading data from database: aps and collection: sensor
[ 2023-04-24 20:37:35,940 ] 22 root - INFO - Found columns: Index(['_id', 'class', 'aa_000', 'ab_000', 'ac_000', 'ad_000', 'ae_000',
       'af_000', 'ag_000', 'ag_001',
       ...
       'ee_002', 'ee_003', 'ee_004', 'ee_005', 'ee_006', 'ee_007', 'ee_008',
       'ee_009', 'ef_000', 'eg_000'],
      dtype='object', length=172)
[ 2023-04-24 20:37:35,940 ] 24 root - INFO - Dropping column: _id
[ 2023-04-24 20:37:36,149 ] 26 root - INFO - Rows and columns in df: (36188, 171)
[ 2023-04-24 20:37:36,150 ] 29 root - INFO - Save data in feature store
[ 2023-04-24 20:37:37,501 ] 34 root - INFO - Create feature store folder if not available
[ 2023-04-24 20:37:37,501 ] 38 root - INFO - Save df to feature store folder
[ 2023-04-24 20:37:39,210 ] 43 root - INFO - split dataset into train and test set
[ 2023-04-24 20:37:39,506 ] 47 root - INFO - create dataset directory folder if not available
[ 2023-04-24 20:37:39,507 ] 52 root - INFO - Save df to feature store folder
[ 2023-04-24 20:37:41,267 ] 64 root - INFO - Data ingestion artifact: DataIngestionArtifact(feature_store_file_path='/config/workspace/artifact/04242023__203732/data_ingestion/feature_store/sensor.csv', train_file_path='/config/workspace/artifact/04242023__203732/data_ingestion/dataset/train.csv', test_file_path='/config/workspace/artifact/04242023__203732/data_ingestion/dataset/test.csv')
[ 2023-04-24 20:37:41,644 ] 22 root - INFO - >>>>>>>>>>>>>>>>>>>>>>>>>>>>>>>>>>>>>>>> Data Validation <<<<<<<<<<<<<<<<<<<<<<<<<<<<<<<<<<<<<<<<
[ 2023-04-24 20:37:41,644 ] 111 root - INFO - Reading base dataframe
[ 2023-04-24 20:37:43,867 ] 114 root - INFO - Replace na value in base df
[ 2023-04-24 20:37:43,867 ] 116 root - INFO - Drop null values colums from base df
[ 2023-04-24 20:37:44,090 ] 45 root - INFO - selecting column name which contains null above to 0.2
[ 2023-04-24 20:37:44,091 ] 48 root - INFO - Columns to drop: ['ab_000', 'ad_000', 'bk_000', 'bl_000', 'bm_000', 'bn_000', 'bo_000', 'bp_000', 'bq_000', 'br_000', 'cf_000', 'cg_000', 'ch_000', 'co_000', 'cr_000', 'ct_000', 'cu_000', 'cv_000', 'cx_000', 'cy_000', 'cz_000', 'da_000', 'db_000', 'dc_000']
[ 2023-04-24 20:37:44,170 ] 119 root - INFO - Reading train dataframe
[ 2023-04-24 20:37:44,609 ] 121 root - INFO - Reading test dataframe
[ 2023-04-24 20:37:44,723 ] 124 root - INFO - Drop null values colums from train df
[ 2023-04-24 20:37:44,731 ] 45 root - INFO - selecting column name which contains null above to 0.2
[ 2023-04-24 20:37:44,731 ] 48 root - INFO - Columns to drop: ['ab_000', 'ad_000', 'bk_000', 'bl_000', 'bm_000', 'bn_000', 'bo_000', 'bp_000', 'bq_000', 'br_000', 'cf_000', 'cg_000', 'ch_000', 'co_000', 'cr_000', 'ct_000', 'cu_000', 'cv_000', 'cx_000', 'cy_000', 'cz_000', 'da_000', 'db_000', 'dc_000']
[ 2023-04-24 20:37:44,742 ] 126 root - INFO - Drop null values colums from test df
[ 2023-04-24 20:37:44,745 ] 45 root - INFO - selecting column name which contains null above to 0.2
[ 2023-04-24 20:37:44,746 ] 48 root - INFO - Columns to drop: ['ab_000', 'ad_000', 'bk_000', 'bl_000', 'bm_000', 'bn_000', 'bo_000', 'bp_000', 'bq_000', 'br_000', 'cf_000', 'cg_000', 'ch_000', 'co_000', 'cr_000', 'ct_000', 'cu_000', 'cv_000', 'cx_000', 'cy_000', 'cz_000', 'da_000', 'db_000', 'dc_000']
[ 2023-04-24 20:37:45,511 ] 134 root - INFO - Is all required columns present in train df
[ 2023-04-24 20:37:45,511 ] 136 root - INFO - Is all required columns present in test df
[ 2023-04-24 20:37:45,511 ] 140 root - INFO - As all column are available in train df hence detecting data drift
[ 2023-04-24 20:37:45,511 ] 89 root - INFO - Hypothesis class: object, object 
[ 2023-04-24 20:37:45,644 ] 89 root - INFO - Hypothesis aa_000: float64, float64 
[ 2023-04-24 20:37:45,655 ] 89 root - INFO - Hypothesis ac_000: float64, float64 
[ 2023-04-24 20:37:45,695 ] 89 root - INFO - Hypothesis ae_000: float64, float64 
[ 2023-04-24 20:37:45,732 ] 89 root - INFO - Hypothesis af_000: float64, float64 
[ 2023-04-24 20:37:45,769 ] 89 root - INFO - Hypothesis ag_000: float64, float64 
[ 2023-04-24 20:37:45,804 ] 89 root - INFO - Hypothesis ag_001: float64, float64 
[ 2023-04-24 20:37:45,840 ] 89 root - INFO - Hypothesis ag_002: float64, float64 
[ 2023-04-24 20:37:45,877 ] 89 root - INFO - Hypothesis ag_003: float64, float64 
[ 2023-04-24 20:37:45,883 ] 89 root - INFO - Hypothesis ag_004: float64, float64 
[ 2023-04-24 20:37:45,893 ] 89 root - INFO - Hypothesis ag_005: float64, float64 
[ 2023-04-24 20:37:45,903 ] 89 root - INFO - Hypothesis ag_006: float64, float64 
[ 2023-04-24 20:37:45,913 ] 89 root - INFO - Hypothesis ag_007: float64, float64 
[ 2023-04-24 20:37:45,923 ] 89 root - INFO - Hypothesis ag_008: float64, float64 
[ 2023-04-24 20:37:45,931 ] 89 root - INFO - Hypothesis ag_009: float64, float64 
[ 2023-04-24 20:37:45,942 ] 89 root - INFO - Hypothesis ah_000: float64, float64 
[ 2023-04-24 20:37:45,953 ] 89 root - INFO - Hypothesis ai_000: float64, float64 
[ 2023-04-24 20:37:45,990 ] 89 root - INFO - Hypothesis aj_000: float64, float64 
[ 2023-04-24 20:37:45,996 ] 89 root - INFO - Hypothesis ak_000: float64, float64 
[ 2023-04-24 20:37:46,037 ] 89 root - INFO - Hypothesis al_000: float64, float64 
[ 2023-04-24 20:37:46,044 ] 89 root - INFO - Hypothesis am_0: float64, float64 
[ 2023-04-24 20:37:46,052 ] 89 root - INFO - Hypothesis an_000: float64, float64 
[ 2023-04-24 20:37:46,062 ] 89 root - INFO - Hypothesis ao_000: float64, float64 
[ 2023-04-24 20:37:46,073 ] 89 root - INFO - Hypothesis ap_000: float64, float64 
[ 2023-04-24 20:37:46,084 ] 89 root - INFO - Hypothesis aq_000: float64, float64 
[ 2023-04-24 20:37:46,095 ] 89 root - INFO - Hypothesis ar_000: float64, float64 
[ 2023-04-24 20:37:46,137 ] 89 root - INFO - Hypothesis as_000: float64, float64 
[ 2023-04-24 20:37:46,175 ] 89 root - INFO - Hypothesis at_000: float64, float64 
[ 2023-04-24 20:37:46,212 ] 89 root - INFO - Hypothesis au_000: float64, float64 
[ 2023-04-24 20:37:46,247 ] 89 root - INFO - Hypothesis av_000: float64, float64 
[ 2023-04-24 20:37:46,256 ] 89 root - INFO - Hypothesis ax_000: float64, float64 
[ 2023-04-24 20:37:46,264 ] 89 root - INFO - Hypothesis ay_000: float64, float64 
[ 2023-04-24 20:37:46,300 ] 89 root - INFO - Hypothesis ay_001: float64, float64 
[ 2023-04-24 20:37:46,336 ] 89 root - INFO - Hypothesis ay_002: float64, float64 
[ 2023-04-24 20:37:46,373 ] 89 root - INFO - Hypothesis ay_003: float64, float64 
[ 2023-04-24 20:37:46,415 ] 89 root - INFO - Hypothesis ay_004: float64, float64 
[ 2023-04-24 20:37:46,452 ] 89 root - INFO - Hypothesis ay_005: float64, float64 
[ 2023-04-24 20:37:46,493 ] 89 root - INFO - Hypothesis ay_006: float64, float64 
[ 2023-04-24 20:37:46,502 ] 89 root - INFO - Hypothesis ay_007: float64, float64 
[ 2023-04-24 20:37:46,513 ] 89 root - INFO - Hypothesis ay_008: float64, float64 
[ 2023-04-24 20:37:46,524 ] 89 root - INFO - Hypothesis ay_009: float64, float64 
[ 2023-04-24 20:37:46,559 ] 89 root - INFO - Hypothesis az_000: float64, float64 
[ 2023-04-24 20:37:46,570 ] 89 root - INFO - Hypothesis az_001: float64, float64 
[ 2023-04-24 20:37:46,580 ] 89 root - INFO - Hypothesis az_002: float64, float64 
[ 2023-04-24 20:37:46,589 ] 89 root - INFO - Hypothesis az_003: float64, float64 
[ 2023-04-24 20:37:46,599 ] 89 root - INFO - Hypothesis az_004: float64, float64 
[ 2023-04-24 20:37:46,610 ] 89 root - INFO - Hypothesis az_005: float64, float64 
[ 2023-04-24 20:37:46,620 ] 89 root - INFO - Hypothesis az_006: float64, float64 
[ 2023-04-24 20:37:46,663 ] 89 root - INFO - Hypothesis az_007: float64, float64 
[ 2023-04-24 20:37:46,703 ] 89 root - INFO - Hypothesis az_008: float64, float64 
[ 2023-04-24 20:37:46,741 ] 89 root - INFO - Hypothesis az_009: float64, float64 
[ 2023-04-24 20:37:46,777 ] 89 root - INFO - Hypothesis ba_000: float64, float64 
[ 2023-04-24 20:37:46,788 ] 89 root - INFO - Hypothesis ba_001: float64, float64 
[ 2023-04-24 20:37:46,798 ] 89 root - INFO - Hypothesis ba_002: float64, float64 
[ 2023-04-24 20:37:46,809 ] 89 root - INFO - Hypothesis ba_003: float64, float64 
[ 2023-04-24 20:37:46,820 ] 89 root - INFO - Hypothesis ba_004: float64, float64 
[ 2023-04-24 20:37:46,831 ] 89 root - INFO - Hypothesis ba_005: float64, float64 
[ 2023-04-24 20:37:46,842 ] 89 root - INFO - Hypothesis ba_006: float64, float64 
[ 2023-04-24 20:37:46,852 ] 89 root - INFO - Hypothesis ba_007: float64, float64 
[ 2023-04-24 20:37:46,861 ] 89 root - INFO - Hypothesis ba_008: float64, float64 
[ 2023-04-24 20:37:46,901 ] 89 root - INFO - Hypothesis ba_009: float64, float64 
[ 2023-04-24 20:37:46,941 ] 89 root - INFO - Hypothesis bb_000: float64, float64 
[ 2023-04-24 20:37:46,951 ] 89 root - INFO - Hypothesis bc_000: float64, float64 
[ 2023-04-24 20:37:46,993 ] 89 root - INFO - Hypothesis bd_000: float64, float64 
[ 2023-04-24 20:37:47,003 ] 89 root - INFO - Hypothesis be_000: float64, float64 
[ 2023-04-24 20:37:47,012 ] 89 root - INFO - Hypothesis bf_000: float64, float64 
[ 2023-04-24 20:37:47,019 ] 89 root - INFO - Hypothesis bg_000: float64, float64 
[ 2023-04-24 20:37:47,030 ] 89 root - INFO - Hypothesis bh_000: float64, float64 
[ 2023-04-24 20:37:47,040 ] 89 root - INFO - Hypothesis bi_000: float64, float64 
[ 2023-04-24 20:37:47,053 ] 89 root - INFO - Hypothesis bj_000: float64, float64 
[ 2023-04-24 20:37:47,064 ] 89 root - INFO - Hypothesis bs_000: float64, float64 
[ 2023-04-24 20:37:47,075 ] 89 root - INFO - Hypothesis bt_000: float64, float64 
[ 2023-04-24 20:37:47,086 ] 89 root - INFO - Hypothesis bu_000: float64, float64 
[ 2023-04-24 20:37:47,096 ] 89 root - INFO - Hypothesis bv_000: float64, float64 
[ 2023-04-24 20:37:47,107 ] 89 root - INFO - Hypothesis bx_000: float64, float64 
[ 2023-04-24 20:37:47,117 ] 89 root - INFO - Hypothesis by_000: float64, float64 
[ 2023-04-24 20:37:47,127 ] 89 root - INFO - Hypothesis bz_000: float64, float64 
[ 2023-04-24 20:37:47,137 ] 89 root - INFO - Hypothesis ca_000: float64, float64 
[ 2023-04-24 20:37:47,147 ] 89 root - INFO - Hypothesis cb_000: float64, float64 
[ 2023-04-24 20:37:47,158 ] 89 root - INFO - Hypothesis cc_000: float64, float64 
[ 2023-04-24 20:37:47,168 ] 89 root - INFO - Hypothesis cd_000: float64, float64 
[ 2023-04-24 20:37:47,204 ] 89 root - INFO - Hypothesis ce_000: float64, float64 
[ 2023-04-24 20:37:47,214 ] 89 root - INFO - Hypothesis ci_000: float64, float64 
[ 2023-04-24 20:37:47,224 ] 89 root - INFO - Hypothesis cj_000: float64, float64 
[ 2023-04-24 20:37:47,263 ] 89 root - INFO - Hypothesis ck_000: float64, float64 
[ 2023-04-24 20:37:47,273 ] 89 root - INFO - Hypothesis cl_000: float64, float64 
[ 2023-04-24 20:37:47,279 ] 89 root - INFO - Hypothesis cm_000: float64, float64 
[ 2023-04-24 20:37:47,286 ] 89 root - INFO - Hypothesis cn_000: float64, float64 
[ 2023-04-24 20:37:47,323 ] 89 root - INFO - Hypothesis cn_001: float64, float64 
[ 2023-04-24 20:37:47,360 ] 89 root - INFO - Hypothesis cn_002: float64, float64 
[ 2023-04-24 20:37:47,369 ] 89 root - INFO - Hypothesis cn_003: float64, float64 
[ 2023-04-24 20:37:47,380 ] 89 root - INFO - Hypothesis cn_004: float64, float64 
[ 2023-04-24 20:37:47,390 ] 89 root - INFO - Hypothesis cn_005: float64, float64 
[ 2023-04-24 20:37:47,400 ] 89 root - INFO - Hypothesis cn_006: float64, float64 
[ 2023-04-24 20:37:47,410 ] 89 root - INFO - Hypothesis cn_007: float64, float64 
[ 2023-04-24 20:37:47,421 ] 89 root - INFO - Hypothesis cn_008: float64, float64 
[ 2023-04-24 20:37:47,430 ] 89 root - INFO - Hypothesis cn_009: float64, float64 
[ 2023-04-24 20:37:47,470 ] 89 root - INFO - Hypothesis cp_000: float64, float64 
[ 2023-04-24 20:37:47,512 ] 89 root - INFO - Hypothesis cq_000: float64, float64 
[ 2023-04-24 20:37:47,523 ] 89 root - INFO - Hypothesis cs_000: float64, float64 
[ 2023-04-24 20:37:47,533 ] 89 root - INFO - Hypothesis cs_001: float64, float64 
[ 2023-04-24 20:37:47,541 ] 89 root - INFO - Hypothesis cs_002: float64, float64 
[ 2023-04-24 20:37:47,551 ] 89 root - INFO - Hypothesis cs_003: float64, float64 
[ 2023-04-24 20:37:47,562 ] 89 root - INFO - Hypothesis cs_004: float64, float64 
[ 2023-04-24 20:37:47,572 ] 89 root - INFO - Hypothesis cs_005: float64, float64 
[ 2023-04-24 20:37:47,582 ] 89 root - INFO - Hypothesis cs_006: float64, float64 
[ 2023-04-24 20:37:47,593 ] 89 root - INFO - Hypothesis cs_007: float64, float64 
[ 2023-04-24 20:37:47,603 ] 89 root - INFO - Hypothesis cs_008: float64, float64 
[ 2023-04-24 20:37:47,643 ] 89 root - INFO - Hypothesis cs_009: float64, float64 
[ 2023-04-24 20:37:47,680 ] 89 root - INFO - Hypothesis dd_000: float64, float64 
[ 2023-04-24 20:37:47,689 ] 89 root - INFO - Hypothesis de_000: float64, float64 
[ 2023-04-24 20:37:47,698 ] 89 root - INFO - Hypothesis df_000: float64, float64 
[ 2023-04-24 20:37:47,735 ] 89 root - INFO - Hypothesis dg_000: float64, float64 
[ 2023-04-24 20:37:47,771 ] 89 root - INFO - Hypothesis dh_000: float64, float64 
[ 2023-04-24 20:37:47,777 ] 89 root - INFO - Hypothesis di_000: float64, float64 
[ 2023-04-24 20:37:47,816 ] 89 root - INFO - Hypothesis dj_000: float64, float64 
[ 2023-04-24 20:37:47,852 ] 89 root - INFO - Hypothesis dk_000: float64, float64 
[ 2023-04-24 20:37:47,889 ] 89 root - INFO - Hypothesis dl_000: float64, float64 
[ 2023-04-24 20:37:47,926 ] 89 root - INFO - Hypothesis dm_000: float64, float64 
[ 2023-04-24 20:37:47,976 ] 89 root - INFO - Hypothesis dn_000: float64, float64 
[ 2023-04-24 20:37:47,987 ] 89 root - INFO - Hypothesis do_000: float64, float64 
[ 2023-04-24 20:37:47,997 ] 89 root - INFO - Hypothesis dp_000: float64, float64 
[ 2023-04-24 20:37:48,009 ] 89 root - INFO - Hypothesis dq_000: float64, float64 
[ 2023-04-24 20:37:48,053 ] 89 root - INFO - Hypothesis dr_000: float64, float64 
[ 2023-04-24 20:37:48,095 ] 89 root - INFO - Hypothesis ds_000: float64, float64 
[ 2023-04-24 20:37:48,106 ] 89 root - INFO - Hypothesis dt_000: float64, float64 
[ 2023-04-24 20:37:48,116 ] 89 root - INFO - Hypothesis du_000: float64, float64 
[ 2023-04-24 20:37:48,127 ] 89 root - INFO - Hypothesis dv_000: float64, float64 
[ 2023-04-24 20:37:48,137 ] 89 root - INFO - Hypothesis dx_000: float64, float64 
[ 2023-04-24 20:37:48,176 ] 89 root - INFO - Hypothesis dy_000: float64, float64 
[ 2023-04-24 20:37:48,215 ] 89 root - INFO - Hypothesis dz_000: float64, float64 
[ 2023-04-24 20:37:48,255 ] 89 root - INFO - Hypothesis ea_000: float64, float64 
[ 2023-04-24 20:37:48,293 ] 89 root - INFO - Hypothesis eb_000: float64, float64 
[ 2023-04-24 20:37:48,302 ] 89 root - INFO - Hypothesis ec_00: float64, float64 
[ 2023-04-24 20:37:48,312 ] 89 root - INFO - Hypothesis ed_000: float64, float64 
[ 2023-04-24 20:37:48,321 ] 89 root - INFO - Hypothesis ee_000: float64, float64 
[ 2023-04-24 20:37:48,331 ] 89 root - INFO - Hypothesis ee_001: float64, float64 
[ 2023-04-24 20:37:48,342 ] 89 root - INFO - Hypothesis ee_002: float64, float64 
[ 2023-04-24 20:37:48,352 ] 89 root - INFO - Hypothesis ee_003: float64, float64 
[ 2023-04-24 20:37:48,363 ] 89 root - INFO - Hypothesis ee_004: float64, float64 
[ 2023-04-24 20:37:48,373 ] 89 root - INFO - Hypothesis ee_005: float64, float64 
[ 2023-04-24 20:37:48,383 ] 89 root - INFO - Hypothesis ee_006: float64, float64 
[ 2023-04-24 20:37:48,393 ] 89 root - INFO - Hypothesis ee_007: float64, float64 
[ 2023-04-24 20:37:48,403 ] 89 root - INFO - Hypothesis ee_008: float64, float64 
[ 2023-04-24 20:37:48,412 ] 89 root - INFO - Hypothesis ee_009: float64, float64 
[ 2023-04-24 20:37:48,420 ] 89 root - INFO - Hypothesis ef_000: float64, float64 
[ 2023-04-24 20:37:48,455 ] 89 root - INFO - Hypothesis eg_000: float64, float64 
[ 2023-04-24 20:37:48,492 ] 143 root - INFO - As all column are available in test df hence detecting data drift
[ 2023-04-24 20:37:48,492 ] 89 root - INFO - Hypothesis class: object, object 
[ 2023-04-24 20:37:48,567 ] 89 root - INFO - Hypothesis aa_000: float64, float64 
[ 2023-04-24 20:37:48,574 ] 89 root - INFO - Hypothesis ac_000: float64, float64 
[ 2023-04-24 20:37:48,579 ] 89 root - INFO - Hypothesis ae_000: float64, float64 
[ 2023-04-24 20:37:48,595 ] 89 root - INFO - Hypothesis af_000: float64, float64 
[ 2023-04-24 20:37:48,610 ] 89 root - INFO - Hypothesis ag_000: float64, float64 
[ 2023-04-24 20:37:48,633 ] 89 root - INFO - Hypothesis ag_001: float64, float64 
[ 2023-04-24 20:37:48,648 ] 89 root - INFO - Hypothesis ag_002: float64, float64 
[ 2023-04-24 20:37:48,651 ] 89 root - INFO - Hypothesis ag_003: float64, float64 
[ 2023-04-24 20:37:48,656 ] 89 root - INFO - Hypothesis ag_004: float64, float64 
[ 2023-04-24 20:37:48,663 ] 89 root - INFO - Hypothesis ag_005: float64, float64 
[ 2023-04-24 20:37:48,670 ] 89 root - INFO - Hypothesis ag_006: float64, float64 
[ 2023-04-24 20:37:48,677 ] 89 root - INFO - Hypothesis ag_007: float64, float64 
[ 2023-04-24 20:37:48,683 ] 89 root - INFO - Hypothesis ag_008: float64, float64 
[ 2023-04-24 20:37:48,689 ] 89 root - INFO - Hypothesis ag_009: float64, float64 
[ 2023-04-24 20:37:48,693 ] 89 root - INFO - Hypothesis ah_000: float64, float64 
[ 2023-04-24 20:37:48,700 ] 89 root - INFO - Hypothesis ai_000: float64, float64 
[ 2023-04-24 20:37:48,704 ] 89 root - INFO - Hypothesis aj_000: float64, float64 
[ 2023-04-24 20:37:48,708 ] 89 root - INFO - Hypothesis ak_000: float64, float64 
[ 2023-04-24 20:37:48,711 ] 89 root - INFO - Hypothesis al_000: float64, float64 
[ 2023-04-24 20:37:48,716 ] 89 root - INFO - Hypothesis am_0: float64, float64 
[ 2023-04-24 20:37:48,721 ] 89 root - INFO - Hypothesis an_000: float64, float64 
[ 2023-04-24 20:37:48,728 ] 89 root - INFO - Hypothesis ao_000: float64, float64 
[ 2023-04-24 20:37:48,735 ] 89 root - INFO - Hypothesis ap_000: float64, float64 
[ 2023-04-24 20:37:48,742 ] 89 root - INFO - Hypothesis aq_000: float64, float64 
[ 2023-04-24 20:37:48,749 ] 89 root - INFO - Hypothesis ar_000: float64, float64 
[ 2023-04-24 20:37:48,764 ] 89 root - INFO - Hypothesis as_000: float64, float64 
[ 2023-04-24 20:37:48,779 ] 89 root - INFO - Hypothesis at_000: float64, float64 
[ 2023-04-24 20:37:48,794 ] 89 root - INFO - Hypothesis au_000: float64, float64 
[ 2023-04-24 20:37:48,809 ] 89 root - INFO - Hypothesis av_000: float64, float64 
[ 2023-04-24 20:37:48,815 ] 89 root - INFO - Hypothesis ax_000: float64, float64 
[ 2023-04-24 20:37:48,820 ] 89 root - INFO - Hypothesis ay_000: float64, float64 
[ 2023-04-24 20:37:48,835 ] 89 root - INFO - Hypothesis ay_001: float64, float64 
[ 2023-04-24 20:37:48,850 ] 89 root - INFO - Hypothesis ay_002: float64, float64 
[ 2023-04-24 20:37:48,865 ] 89 root - INFO - Hypothesis ay_003: float64, float64 
[ 2023-04-24 20:37:48,887 ] 89 root - INFO - Hypothesis ay_004: float64, float64 
[ 2023-04-24 20:37:48,902 ] 89 root - INFO - Hypothesis ay_005: float64, float64 
[ 2023-04-24 20:37:48,908 ] 89 root - INFO - Hypothesis ay_006: float64, float64 
[ 2023-04-24 20:37:48,914 ] 89 root - INFO - Hypothesis ay_007: float64, float64 
[ 2023-04-24 20:37:48,920 ] 89 root - INFO - Hypothesis ay_008: float64, float64 
[ 2023-04-24 20:37:48,927 ] 89 root - INFO - Hypothesis ay_009: float64, float64 
[ 2023-04-24 20:37:48,942 ] 89 root - INFO - Hypothesis az_000: float64, float64 
[ 2023-04-24 20:37:48,949 ] 89 root - INFO - Hypothesis az_001: float64, float64 
[ 2023-04-24 20:37:48,956 ] 89 root - INFO - Hypothesis az_002: float64, float64 
[ 2023-04-24 20:37:48,962 ] 89 root - INFO - Hypothesis az_003: float64, float64 
[ 2023-04-24 20:37:48,969 ] 89 root - INFO - Hypothesis az_004: float64, float64 
[ 2023-04-24 20:37:48,977 ] 89 root - INFO - Hypothesis az_005: float64, float64 
[ 2023-04-24 20:37:48,984 ] 89 root - INFO - Hypothesis az_006: float64, float64 
[ 2023-04-24 20:37:48,990 ] 89 root - INFO - Hypothesis az_007: float64, float64 
[ 2023-04-24 20:37:48,994 ] 89 root - INFO - Hypothesis az_008: float64, float64 
[ 2023-04-24 20:37:49,011 ] 89 root - INFO - Hypothesis az_009: float64, float64 
[ 2023-04-24 20:37:49,031 ] 89 root - INFO - Hypothesis ba_000: float64, float64 
[ 2023-04-24 20:37:49,039 ] 89 root - INFO - Hypothesis ba_001: float64, float64 
[ 2023-04-24 20:37:49,046 ] 89 root - INFO - Hypothesis ba_002: float64, float64 
[ 2023-04-24 20:37:49,053 ] 89 root - INFO - Hypothesis ba_003: float64, float64 
[ 2023-04-24 20:37:49,060 ] 89 root - INFO - Hypothesis ba_004: float64, float64 
[ 2023-04-24 20:37:49,067 ] 89 root - INFO - Hypothesis ba_005: float64, float64 
[ 2023-04-24 20:37:49,073 ] 89 root - INFO - Hypothesis ba_006: float64, float64 
[ 2023-04-24 20:37:49,080 ] 89 root - INFO - Hypothesis ba_007: float64, float64 
[ 2023-04-24 20:37:49,087 ] 89 root - INFO - Hypothesis ba_008: float64, float64 
[ 2023-04-24 20:37:49,092 ] 89 root - INFO - Hypothesis ba_009: float64, float64 
[ 2023-04-24 20:37:49,099 ] 89 root - INFO - Hypothesis bb_000: float64, float64 
[ 2023-04-24 20:37:49,106 ] 89 root - INFO - Hypothesis bc_000: float64, float64 
[ 2023-04-24 20:37:49,111 ] 89 root - INFO - Hypothesis bd_000: float64, float64 
[ 2023-04-24 20:37:49,117 ] 89 root - INFO - Hypothesis be_000: float64, float64 
[ 2023-04-24 20:37:49,123 ] 89 root - INFO - Hypothesis bf_000: float64, float64 
[ 2023-04-24 20:37:49,127 ] 89 root - INFO - Hypothesis bg_000: float64, float64 
[ 2023-04-24 20:37:49,134 ] 89 root - INFO - Hypothesis bh_000: float64, float64 
[ 2023-04-24 20:37:49,141 ] 89 root - INFO - Hypothesis bi_000: float64, float64 
[ 2023-04-24 20:37:49,148 ] 89 root - INFO - Hypothesis bj_000: float64, float64 
[ 2023-04-24 20:37:49,155 ] 89 root - INFO - Hypothesis bs_000: float64, float64 
[ 2023-04-24 20:37:49,163 ] 89 root - INFO - Hypothesis bt_000: float64, float64 
[ 2023-04-24 20:37:49,170 ] 89 root - INFO - Hypothesis bu_000: float64, float64 
[ 2023-04-24 20:37:49,176 ] 89 root - INFO - Hypothesis bv_000: float64, float64 
[ 2023-04-24 20:37:49,183 ] 89 root - INFO - Hypothesis bx_000: float64, float64 
[ 2023-04-24 20:37:49,190 ] 89 root - INFO - Hypothesis by_000: float64, float64 
[ 2023-04-24 20:37:49,197 ] 89 root - INFO - Hypothesis bz_000: float64, float64 
[ 2023-04-24 20:37:49,203 ] 89 root - INFO - Hypothesis ca_000: float64, float64 
[ 2023-04-24 20:37:49,210 ] 89 root - INFO - Hypothesis cb_000: float64, float64 
[ 2023-04-24 20:37:49,217 ] 89 root - INFO - Hypothesis cc_000: float64, float64 
[ 2023-04-24 20:37:49,224 ] 89 root - INFO - Hypothesis cd_000: float64, float64 
[ 2023-04-24 20:37:49,240 ] 89 root - INFO - Hypothesis ce_000: float64, float64 
[ 2023-04-24 20:37:49,246 ] 89 root - INFO - Hypothesis ci_000: float64, float64 
[ 2023-04-24 20:37:49,253 ] 89 root - INFO - Hypothesis cj_000: float64, float64 
[ 2023-04-24 20:37:49,257 ] 89 root - INFO - Hypothesis ck_000: float64, float64 
[ 2023-04-24 20:37:49,264 ] 89 root - INFO - Hypothesis cl_000: float64, float64 
[ 2023-04-24 20:37:49,268 ] 89 root - INFO - Hypothesis cm_000: float64, float64 
[ 2023-04-24 20:37:49,273 ] 89 root - INFO - Hypothesis cn_000: float64, float64 
[ 2023-04-24 20:37:49,289 ] 89 root - INFO - Hypothesis cn_001: float64, float64 
[ 2023-04-24 20:37:49,293 ] 89 root - INFO - Hypothesis cn_002: float64, float64 
[ 2023-04-24 20:37:49,298 ] 89 root - INFO - Hypothesis cn_003: float64, float64 
[ 2023-04-24 20:37:49,305 ] 89 root - INFO - Hypothesis cn_004: float64, float64 
[ 2023-04-24 20:37:49,312 ] 89 root - INFO - Hypothesis cn_005: float64, float64 
[ 2023-04-24 20:37:49,319 ] 89 root - INFO - Hypothesis cn_006: float64, float64 
[ 2023-04-24 20:37:49,326 ] 89 root - INFO - Hypothesis cn_007: float64, float64 
[ 2023-04-24 20:37:49,334 ] 89 root - INFO - Hypothesis cn_008: float64, float64 
[ 2023-04-24 20:37:49,340 ] 89 root - INFO - Hypothesis cn_009: float64, float64 
[ 2023-04-24 20:37:49,345 ] 89 root - INFO - Hypothesis cp_000: float64, float64 
[ 2023-04-24 20:37:49,351 ] 89 root - INFO - Hypothesis cq_000: float64, float64 
[ 2023-04-24 20:37:49,358 ] 89 root - INFO - Hypothesis cs_000: float64, float64 
[ 2023-04-24 20:37:49,364 ] 89 root - INFO - Hypothesis cs_001: float64, float64 
[ 2023-04-24 20:37:49,370 ] 89 root - INFO - Hypothesis cs_002: float64, float64 
[ 2023-04-24 20:37:49,377 ] 89 root - INFO - Hypothesis cs_003: float64, float64 
[ 2023-04-24 20:37:49,384 ] 89 root - INFO - Hypothesis cs_004: float64, float64 
[ 2023-04-24 20:37:49,394 ] 89 root - INFO - Hypothesis cs_005: float64, float64 
[ 2023-04-24 20:37:49,401 ] 89 root - INFO - Hypothesis cs_006: float64, float64 
[ 2023-04-24 20:37:49,409 ] 89 root - INFO - Hypothesis cs_007: float64, float64 
[ 2023-04-24 20:37:49,416 ] 89 root - INFO - Hypothesis cs_008: float64, float64 
[ 2023-04-24 20:37:49,421 ] 89 root - INFO - Hypothesis cs_009: float64, float64 
[ 2023-04-24 20:37:49,437 ] 89 root - INFO - Hypothesis dd_000: float64, float64 
[ 2023-04-24 20:37:49,444 ] 89 root - INFO - Hypothesis de_000: float64, float64 
[ 2023-04-24 20:37:49,450 ] 89 root - INFO - Hypothesis df_000: float64, float64 
[ 2023-04-24 20:37:49,453 ] 89 root - INFO - Hypothesis dg_000: float64, float64 
[ 2023-04-24 20:37:49,456 ] 89 root - INFO - Hypothesis dh_000: float64, float64 
[ 2023-04-24 20:37:49,460 ] 89 root - INFO - Hypothesis di_000: float64, float64 
[ 2023-04-24 20:37:49,464 ] 89 root - INFO - Hypothesis dj_000: float64, float64 
[ 2023-04-24 20:37:49,480 ] 89 root - INFO - Hypothesis dk_000: float64, float64 
[ 2023-04-24 20:37:49,483 ] 89 root - INFO - Hypothesis dl_000: float64, float64 
[ 2023-04-24 20:37:49,499 ] 89 root - INFO - Hypothesis dm_000: float64, float64 
[ 2023-04-24 20:37:49,522 ] 89 root - INFO - Hypothesis dn_000: float64, float64 
[ 2023-04-24 20:37:49,528 ] 89 root - INFO - Hypothesis do_000: float64, float64 
[ 2023-04-24 20:37:49,535 ] 89 root - INFO - Hypothesis dp_000: float64, float64 
[ 2023-04-24 20:37:49,541 ] 89 root - INFO - Hypothesis dq_000: float64, float64 
[ 2023-04-24 20:37:49,547 ] 89 root - INFO - Hypothesis dr_000: float64, float64 
[ 2023-04-24 20:37:49,552 ] 89 root - INFO - Hypothesis ds_000: float64, float64 
[ 2023-04-24 20:37:49,559 ] 89 root - INFO - Hypothesis dt_000: float64, float64 
[ 2023-04-24 20:37:49,566 ] 89 root - INFO - Hypothesis du_000: float64, float64 
[ 2023-04-24 20:37:49,573 ] 89 root - INFO - Hypothesis dv_000: float64, float64 
[ 2023-04-24 20:37:49,580 ] 89 root - INFO - Hypothesis dx_000: float64, float64 
[ 2023-04-24 20:37:49,584 ] 89 root - INFO - Hypothesis dy_000: float64, float64 
[ 2023-04-24 20:37:49,589 ] 89 root - INFO - Hypothesis dz_000: float64, float64 
[ 2023-04-24 20:37:49,604 ] 89 root - INFO - Hypothesis ea_000: float64, float64 
[ 2023-04-24 20:37:49,621 ] 89 root - INFO - Hypothesis eb_000: float64, float64 
[ 2023-04-24 20:37:49,627 ] 89 root - INFO - Hypothesis ec_00: float64, float64 
[ 2023-04-24 20:37:49,633 ] 89 root - INFO - Hypothesis ed_000: float64, float64 
[ 2023-04-24 20:37:49,639 ] 89 root - INFO - Hypothesis ee_000: float64, float64 
[ 2023-04-24 20:37:49,647 ] 89 root - INFO - Hypothesis ee_001: float64, float64 
[ 2023-04-24 20:37:49,654 ] 89 root - INFO - Hypothesis ee_002: float64, float64 
[ 2023-04-24 20:37:49,661 ] 89 root - INFO - Hypothesis ee_003: float64, float64 
[ 2023-04-24 20:37:49,668 ] 89 root - INFO - Hypothesis ee_004: float64, float64 
[ 2023-04-24 20:37:49,675 ] 89 root - INFO - Hypothesis ee_005: float64, float64 
[ 2023-04-24 20:37:49,682 ] 89 root - INFO - Hypothesis ee_006: float64, float64 
[ 2023-04-24 20:37:49,688 ] 89 root - INFO - Hypothesis ee_007: float64, float64 
[ 2023-04-24 20:37:49,695 ] 89 root - INFO - Hypothesis ee_008: float64, float64 
[ 2023-04-24 20:37:49,701 ] 89 root - INFO - Hypothesis ee_009: float64, float64 
[ 2023-04-24 20:37:49,706 ] 89 root - INFO - Hypothesis ef_000: float64, float64 
[ 2023-04-24 20:37:49,722 ] 89 root - INFO - Hypothesis eg_000: float64, float64 
[ 2023-04-24 20:37:49,737 ] 147 root - INFO - Write reprt in yaml file
[ 2023-04-24 20:37:49,874 ] 152 root - INFO - Data validation artifact: DataValidationArtifact(report_file_path='/config/workspace/artifact/04242023__203732/data_validation/report.yaml')
