[ 2023-04-25 10:43:30,126 ] 16 root - INFO - >>>>>>>>>>>>>>>>>>>>>>>>>>>>>>>>>>>>>>>> Data Ingestion <<<<<<<<<<<<<<<<<<<<<<<<<<<<<<<<<<<<<<<<
[ 2023-04-25 10:43:30,126 ] 23 root - INFO - Exporting collection data as pandas dataframe
[ 2023-04-25 10:43:30,126 ] 20 root - INFO - Reading data from database: aps and collection: sensor
[ 2023-04-25 10:43:33,959 ] 22 root - INFO - Found columns: Index(['_id', 'class', 'aa_000', 'ab_000', 'ac_000', 'ad_000', 'ae_000',
       'af_000', 'ag_000', 'ag_001',
       ...
       'ee_002', 'ee_003', 'ee_004', 'ee_005', 'ee_006', 'ee_007', 'ee_008',
       'ee_009', 'ef_000', 'eg_000'],
      dtype='object', length=172)
[ 2023-04-25 10:43:33,966 ] 24 root - INFO - Dropping column: _id
[ 2023-04-25 10:43:34,171 ] 26 root - INFO - Rows and columns in df: (36188, 171)
[ 2023-04-25 10:43:34,171 ] 29 root - INFO - Save data in feature store
[ 2023-04-25 10:43:35,523 ] 34 root - INFO - Create feature store folder if not available
[ 2023-04-25 10:43:35,524 ] 38 root - INFO - Save df to feature store folder
[ 2023-04-25 10:43:37,226 ] 43 root - INFO - split dataset into train and test set
[ 2023-04-25 10:43:37,532 ] 47 root - INFO - create dataset directory folder if not available
[ 2023-04-25 10:43:37,532 ] 52 root - INFO - Save df to feature store folder
[ 2023-04-25 10:43:39,356 ] 64 root - INFO - Data ingestion artifact: DataIngestionArtifact(feature_store_file_path='/config/workspace/artifact/04252023__104330/data_ingestion/feature_store/sensor.csv', train_file_path='/config/workspace/artifact/04252023__104330/data_ingestion/dataset/train.csv', test_file_path='/config/workspace/artifact/04252023__104330/data_ingestion/dataset/test.csv')
[ 2023-04-25 10:43:39,764 ] 22 root - INFO - >>>>>>>>>>>>>>>>>>>>>>>>>>>>>>>>>>>>>>>> Data Validation <<<<<<<<<<<<<<<<<<<<<<<<<<<<<<<<<<<<<<<<
[ 2023-04-25 10:43:39,764 ] 111 root - INFO - Reading base dataframe
[ 2023-04-25 10:43:41,951 ] 114 root - INFO - Replace na value in base df
[ 2023-04-25 10:43:41,951 ] 116 root - INFO - Drop null values colums from base df
[ 2023-04-25 10:43:42,168 ] 45 root - INFO - selecting column name which contains null above to 0.2
[ 2023-04-25 10:43:42,168 ] 48 root - INFO - Columns to drop: ['ab_000', 'ad_000', 'bk_000', 'bl_000', 'bm_000', 'bn_000', 'bo_000', 'bp_000', 'bq_000', 'br_000', 'cf_000', 'cg_000', 'ch_000', 'co_000', 'cr_000', 'ct_000', 'cu_000', 'cv_000', 'cx_000', 'cy_000', 'cz_000', 'da_000', 'db_000', 'dc_000']
[ 2023-04-25 10:43:42,245 ] 119 root - INFO - Reading train dataframe
[ 2023-04-25 10:43:42,624 ] 121 root - INFO - Reading test dataframe
[ 2023-04-25 10:43:42,721 ] 124 root - INFO - Drop null values colums from train df
[ 2023-04-25 10:43:42,728 ] 45 root - INFO - selecting column name which contains null above to 0.2
[ 2023-04-25 10:43:42,729 ] 48 root - INFO - Columns to drop: ['ab_000', 'ad_000', 'bk_000', 'bl_000', 'bm_000', 'bn_000', 'bo_000', 'bp_000', 'bq_000', 'br_000', 'cf_000', 'cg_000', 'ch_000', 'co_000', 'cr_000', 'ct_000', 'cu_000', 'cv_000', 'cx_000', 'cy_000', 'cz_000', 'da_000', 'db_000', 'dc_000']
[ 2023-04-25 10:43:42,737 ] 126 root - INFO - Drop null values colums from test df
[ 2023-04-25 10:43:42,740 ] 45 root - INFO - selecting column name which contains null above to 0.2
[ 2023-04-25 10:43:42,741 ] 48 root - INFO - Columns to drop: ['ab_000', 'ad_000', 'bk_000', 'bl_000', 'bm_000', 'bn_000', 'bo_000', 'bp_000', 'bq_000', 'br_000', 'cf_000', 'cg_000', 'ch_000', 'co_000', 'cr_000', 'ct_000', 'cu_000', 'cv_000', 'cx_000', 'cy_000', 'cz_000', 'da_000', 'db_000', 'dc_000']
[ 2023-04-25 10:43:43,489 ] 134 root - INFO - Is all required columns present in train df
[ 2023-04-25 10:43:43,489 ] 136 root - INFO - Is all required columns present in test df
[ 2023-04-25 10:43:43,489 ] 140 root - INFO - As all column are available in train df hence detecting data drift
[ 2023-04-25 10:43:43,489 ] 89 root - INFO - Hypothesis class: object, object 
[ 2023-04-25 10:43:43,630 ] 89 root - INFO - Hypothesis aa_000: float64, float64 
[ 2023-04-25 10:43:43,641 ] 89 root - INFO - Hypothesis ac_000: float64, float64 
[ 2023-04-25 10:43:43,681 ] 89 root - INFO - Hypothesis ae_000: float64, float64 
[ 2023-04-25 10:43:43,718 ] 89 root - INFO - Hypothesis af_000: float64, float64 
[ 2023-04-25 10:43:43,755 ] 89 root - INFO - Hypothesis ag_000: float64, float64 
[ 2023-04-25 10:43:43,791 ] 89 root - INFO - Hypothesis ag_001: float64, float64 
[ 2023-04-25 10:43:43,828 ] 89 root - INFO - Hypothesis ag_002: float64, float64 
[ 2023-04-25 10:43:43,865 ] 89 root - INFO - Hypothesis ag_003: float64, float64 
[ 2023-04-25 10:43:43,871 ] 89 root - INFO - Hypothesis ag_004: float64, float64 
[ 2023-04-25 10:43:43,881 ] 89 root - INFO - Hypothesis ag_005: float64, float64 
[ 2023-04-25 10:43:43,892 ] 89 root - INFO - Hypothesis ag_006: float64, float64 
[ 2023-04-25 10:43:43,903 ] 89 root - INFO - Hypothesis ag_007: float64, float64 
[ 2023-04-25 10:43:43,912 ] 89 root - INFO - Hypothesis ag_008: float64, float64 
[ 2023-04-25 10:43:43,921 ] 89 root - INFO - Hypothesis ag_009: float64, float64 
[ 2023-04-25 10:43:43,927 ] 89 root - INFO - Hypothesis ah_000: float64, float64 
[ 2023-04-25 10:43:43,938 ] 89 root - INFO - Hypothesis ai_000: float64, float64 
[ 2023-04-25 10:43:43,975 ] 89 root - INFO - Hypothesis aj_000: float64, float64 
[ 2023-04-25 10:43:43,981 ] 89 root - INFO - Hypothesis ak_000: float64, float64 
[ 2023-04-25 10:43:44,019 ] 89 root - INFO - Hypothesis al_000: float64, float64 
[ 2023-04-25 10:43:44,027 ] 89 root - INFO - Hypothesis am_0: float64, float64 
[ 2023-04-25 10:43:44,034 ] 89 root - INFO - Hypothesis an_000: float64, float64 
[ 2023-04-25 10:43:44,045 ] 89 root - INFO - Hypothesis ao_000: float64, float64 
[ 2023-04-25 10:43:44,055 ] 89 root - INFO - Hypothesis ap_000: float64, float64 
[ 2023-04-25 10:43:44,065 ] 89 root - INFO - Hypothesis aq_000: float64, float64 
[ 2023-04-25 10:43:44,076 ] 89 root - INFO - Hypothesis ar_000: float64, float64 
[ 2023-04-25 10:43:44,113 ] 89 root - INFO - Hypothesis as_000: float64, float64 
[ 2023-04-25 10:43:44,150 ] 89 root - INFO - Hypothesis at_000: float64, float64 
[ 2023-04-25 10:43:44,188 ] 89 root - INFO - Hypothesis au_000: float64, float64 
[ 2023-04-25 10:43:44,225 ] 89 root - INFO - Hypothesis av_000: float64, float64 
[ 2023-04-25 10:43:44,233 ] 89 root - INFO - Hypothesis ax_000: float64, float64 
[ 2023-04-25 10:43:44,245 ] 89 root - INFO - Hypothesis ay_000: float64, float64 
[ 2023-04-25 10:43:44,282 ] 89 root - INFO - Hypothesis ay_001: float64, float64 
[ 2023-04-25 10:43:44,319 ] 89 root - INFO - Hypothesis ay_002: float64, float64 
[ 2023-04-25 10:43:44,354 ] 89 root - INFO - Hypothesis ay_003: float64, float64 
[ 2023-04-25 10:43:44,392 ] 89 root - INFO - Hypothesis ay_004: float64, float64 
[ 2023-04-25 10:43:44,428 ] 89 root - INFO - Hypothesis ay_005: float64, float64 
[ 2023-04-25 10:43:44,469 ] 89 root - INFO - Hypothesis ay_006: float64, float64 
[ 2023-04-25 10:43:44,479 ] 89 root - INFO - Hypothesis ay_007: float64, float64 
[ 2023-04-25 10:43:44,488 ] 89 root - INFO - Hypothesis ay_008: float64, float64 
[ 2023-04-25 10:43:44,499 ] 89 root - INFO - Hypothesis ay_009: float64, float64 
[ 2023-04-25 10:43:44,535 ] 89 root - INFO - Hypothesis az_000: float64, float64 
[ 2023-04-25 10:43:44,544 ] 89 root - INFO - Hypothesis az_001: float64, float64 
[ 2023-04-25 10:43:44,553 ] 89 root - INFO - Hypothesis az_002: float64, float64 
[ 2023-04-25 10:43:44,563 ] 89 root - INFO - Hypothesis az_003: float64, float64 
[ 2023-04-25 10:43:44,573 ] 89 root - INFO - Hypothesis az_004: float64, float64 
[ 2023-04-25 10:43:44,583 ] 89 root - INFO - Hypothesis az_005: float64, float64 
[ 2023-04-25 10:43:44,593 ] 89 root - INFO - Hypothesis az_006: float64, float64 
[ 2023-04-25 10:43:44,634 ] 89 root - INFO - Hypothesis az_007: float64, float64 
[ 2023-04-25 10:43:44,673 ] 89 root - INFO - Hypothesis az_008: float64, float64 
[ 2023-04-25 10:43:44,710 ] 89 root - INFO - Hypothesis az_009: float64, float64 
[ 2023-04-25 10:43:44,747 ] 89 root - INFO - Hypothesis ba_000: float64, float64 
[ 2023-04-25 10:43:44,757 ] 89 root - INFO - Hypothesis ba_001: float64, float64 
[ 2023-04-25 10:43:44,768 ] 89 root - INFO - Hypothesis ba_002: float64, float64 
[ 2023-04-25 10:43:44,779 ] 89 root - INFO - Hypothesis ba_003: float64, float64 
[ 2023-04-25 10:43:44,789 ] 89 root - INFO - Hypothesis ba_004: float64, float64 
[ 2023-04-25 10:43:44,800 ] 89 root - INFO - Hypothesis ba_005: float64, float64 
[ 2023-04-25 10:43:44,811 ] 89 root - INFO - Hypothesis ba_006: float64, float64 
[ 2023-04-25 10:43:44,821 ] 89 root - INFO - Hypothesis ba_007: float64, float64 
[ 2023-04-25 10:43:44,830 ] 89 root - INFO - Hypothesis ba_008: float64, float64 
[ 2023-04-25 10:43:44,871 ] 89 root - INFO - Hypothesis ba_009: float64, float64 
[ 2023-04-25 10:43:44,910 ] 89 root - INFO - Hypothesis bb_000: float64, float64 
[ 2023-04-25 10:43:44,921 ] 89 root - INFO - Hypothesis bc_000: float64, float64 
[ 2023-04-25 10:43:44,961 ] 89 root - INFO - Hypothesis bd_000: float64, float64 
[ 2023-04-25 10:43:44,969 ] 89 root - INFO - Hypothesis be_000: float64, float64 
[ 2023-04-25 10:43:44,978 ] 89 root - INFO - Hypothesis bf_000: float64, float64 
[ 2023-04-25 10:43:44,984 ] 89 root - INFO - Hypothesis bg_000: float64, float64 
[ 2023-04-25 10:43:44,995 ] 89 root - INFO - Hypothesis bh_000: float64, float64 
[ 2023-04-25 10:43:45,005 ] 89 root - INFO - Hypothesis bi_000: float64, float64 
[ 2023-04-25 10:43:45,016 ] 89 root - INFO - Hypothesis bj_000: float64, float64 
[ 2023-04-25 10:43:45,027 ] 89 root - INFO - Hypothesis bs_000: float64, float64 
[ 2023-04-25 10:43:45,037 ] 89 root - INFO - Hypothesis bt_000: float64, float64 
[ 2023-04-25 10:43:45,047 ] 89 root - INFO - Hypothesis bu_000: float64, float64 
[ 2023-04-25 10:43:45,058 ] 89 root - INFO - Hypothesis bv_000: float64, float64 
[ 2023-04-25 10:43:45,068 ] 89 root - INFO - Hypothesis bx_000: float64, float64 
[ 2023-04-25 10:43:45,078 ] 89 root - INFO - Hypothesis by_000: float64, float64 
[ 2023-04-25 10:43:45,088 ] 89 root - INFO - Hypothesis bz_000: float64, float64 
[ 2023-04-25 10:43:45,097 ] 89 root - INFO - Hypothesis ca_000: float64, float64 
[ 2023-04-25 10:43:45,107 ] 89 root - INFO - Hypothesis cb_000: float64, float64 
[ 2023-04-25 10:43:45,118 ] 89 root - INFO - Hypothesis cc_000: float64, float64 
[ 2023-04-25 10:43:45,128 ] 89 root - INFO - Hypothesis cd_000: float64, float64 
[ 2023-04-25 10:43:45,165 ] 89 root - INFO - Hypothesis ce_000: float64, float64 
[ 2023-04-25 10:43:45,175 ] 89 root - INFO - Hypothesis ci_000: float64, float64 
[ 2023-04-25 10:43:45,185 ] 89 root - INFO - Hypothesis cj_000: float64, float64 
[ 2023-04-25 10:43:45,223 ] 89 root - INFO - Hypothesis ck_000: float64, float64 
[ 2023-04-25 10:43:45,233 ] 89 root - INFO - Hypothesis cl_000: float64, float64 
[ 2023-04-25 10:43:45,239 ] 89 root - INFO - Hypothesis cm_000: float64, float64 
[ 2023-04-25 10:43:45,246 ] 89 root - INFO - Hypothesis cn_000: float64, float64 
[ 2023-04-25 10:43:45,283 ] 89 root - INFO - Hypothesis cn_001: float64, float64 
[ 2023-04-25 10:43:45,321 ] 89 root - INFO - Hypothesis cn_002: float64, float64 
[ 2023-04-25 10:43:45,329 ] 89 root - INFO - Hypothesis cn_003: float64, float64 
[ 2023-04-25 10:43:45,339 ] 89 root - INFO - Hypothesis cn_004: float64, float64 
[ 2023-04-25 10:43:45,350 ] 89 root - INFO - Hypothesis cn_005: float64, float64 
[ 2023-04-25 10:43:45,360 ] 89 root - INFO - Hypothesis cn_006: float64, float64 
[ 2023-04-25 10:43:45,370 ] 89 root - INFO - Hypothesis cn_007: float64, float64 
[ 2023-04-25 10:43:45,379 ] 89 root - INFO - Hypothesis cn_008: float64, float64 
[ 2023-04-25 10:43:45,388 ] 89 root - INFO - Hypothesis cn_009: float64, float64 
[ 2023-04-25 10:43:45,428 ] 89 root - INFO - Hypothesis cp_000: float64, float64 
[ 2023-04-25 10:43:45,469 ] 89 root - INFO - Hypothesis cq_000: float64, float64 
[ 2023-04-25 10:43:45,479 ] 89 root - INFO - Hypothesis cs_000: float64, float64 
[ 2023-04-25 10:43:45,489 ] 89 root - INFO - Hypothesis cs_001: float64, float64 
[ 2023-04-25 10:43:45,498 ] 89 root - INFO - Hypothesis cs_002: float64, float64 
[ 2023-04-25 10:43:45,507 ] 89 root - INFO - Hypothesis cs_003: float64, float64 
[ 2023-04-25 10:43:45,518 ] 89 root - INFO - Hypothesis cs_004: float64, float64 
[ 2023-04-25 10:43:45,528 ] 89 root - INFO - Hypothesis cs_005: float64, float64 
[ 2023-04-25 10:43:45,538 ] 89 root - INFO - Hypothesis cs_006: float64, float64 
[ 2023-04-25 10:43:45,549 ] 89 root - INFO - Hypothesis cs_007: float64, float64 
[ 2023-04-25 10:43:45,559 ] 89 root - INFO - Hypothesis cs_008: float64, float64 
[ 2023-04-25 10:43:45,600 ] 89 root - INFO - Hypothesis cs_009: float64, float64 
[ 2023-04-25 10:43:45,636 ] 89 root - INFO - Hypothesis dd_000: float64, float64 
[ 2023-04-25 10:43:45,646 ] 89 root - INFO - Hypothesis de_000: float64, float64 
[ 2023-04-25 10:43:45,654 ] 89 root - INFO - Hypothesis df_000: float64, float64 
[ 2023-04-25 10:43:45,691 ] 89 root - INFO - Hypothesis dg_000: float64, float64 
[ 2023-04-25 10:43:45,728 ] 89 root - INFO - Hypothesis dh_000: float64, float64 
[ 2023-04-25 10:43:45,733 ] 89 root - INFO - Hypothesis di_000: float64, float64 
[ 2023-04-25 10:43:45,772 ] 89 root - INFO - Hypothesis dj_000: float64, float64 
[ 2023-04-25 10:43:45,808 ] 89 root - INFO - Hypothesis dk_000: float64, float64 
[ 2023-04-25 10:43:45,845 ] 89 root - INFO - Hypothesis dl_000: float64, float64 
[ 2023-04-25 10:43:45,882 ] 89 root - INFO - Hypothesis dm_000: float64, float64 
[ 2023-04-25 10:43:45,918 ] 89 root - INFO - Hypothesis dn_000: float64, float64 
[ 2023-04-25 10:43:45,929 ] 89 root - INFO - Hypothesis do_000: float64, float64 
[ 2023-04-25 10:43:45,939 ] 89 root - INFO - Hypothesis dp_000: float64, float64 
[ 2023-04-25 10:43:45,949 ] 89 root - INFO - Hypothesis dq_000: float64, float64 
[ 2023-04-25 10:43:45,988 ] 89 root - INFO - Hypothesis dr_000: float64, float64 
[ 2023-04-25 10:43:46,028 ] 89 root - INFO - Hypothesis ds_000: float64, float64 
[ 2023-04-25 10:43:46,039 ] 89 root - INFO - Hypothesis dt_000: float64, float64 
[ 2023-04-25 10:43:46,049 ] 89 root - INFO - Hypothesis du_000: float64, float64 
[ 2023-04-25 10:43:46,060 ] 89 root - INFO - Hypothesis dv_000: float64, float64 
[ 2023-04-25 10:43:46,069 ] 89 root - INFO - Hypothesis dx_000: float64, float64 
[ 2023-04-25 10:43:46,109 ] 89 root - INFO - Hypothesis dy_000: float64, float64 
[ 2023-04-25 10:43:46,149 ] 89 root - INFO - Hypothesis dz_000: float64, float64 
[ 2023-04-25 10:43:46,186 ] 89 root - INFO - Hypothesis ea_000: float64, float64 
[ 2023-04-25 10:43:46,222 ] 89 root - INFO - Hypothesis eb_000: float64, float64 
[ 2023-04-25 10:43:46,231 ] 89 root - INFO - Hypothesis ec_00: float64, float64 
[ 2023-04-25 10:43:46,244 ] 89 root - INFO - Hypothesis ed_000: float64, float64 
[ 2023-04-25 10:43:46,253 ] 89 root - INFO - Hypothesis ee_000: float64, float64 
[ 2023-04-25 10:43:46,263 ] 89 root - INFO - Hypothesis ee_001: float64, float64 
[ 2023-04-25 10:43:46,274 ] 89 root - INFO - Hypothesis ee_002: float64, float64 
[ 2023-04-25 10:43:46,284 ] 89 root - INFO - Hypothesis ee_003: float64, float64 
[ 2023-04-25 10:43:46,294 ] 89 root - INFO - Hypothesis ee_004: float64, float64 
[ 2023-04-25 10:43:46,304 ] 89 root - INFO - Hypothesis ee_005: float64, float64 
[ 2023-04-25 10:43:46,314 ] 89 root - INFO - Hypothesis ee_006: float64, float64 
[ 2023-04-25 10:43:46,324 ] 89 root - INFO - Hypothesis ee_007: float64, float64 
[ 2023-04-25 10:43:46,334 ] 89 root - INFO - Hypothesis ee_008: float64, float64 
[ 2023-04-25 10:43:46,343 ] 89 root - INFO - Hypothesis ee_009: float64, float64 
[ 2023-04-25 10:43:46,350 ] 89 root - INFO - Hypothesis ef_000: float64, float64 
[ 2023-04-25 10:43:46,387 ] 89 root - INFO - Hypothesis eg_000: float64, float64 
[ 2023-04-25 10:43:46,423 ] 143 root - INFO - As all column are available in test df hence detecting data drift
[ 2023-04-25 10:43:46,424 ] 89 root - INFO - Hypothesis class: object, object 
[ 2023-04-25 10:43:46,498 ] 89 root - INFO - Hypothesis aa_000: float64, float64 
[ 2023-04-25 10:43:46,505 ] 89 root - INFO - Hypothesis ac_000: float64, float64 
[ 2023-04-25 10:43:46,510 ] 89 root - INFO - Hypothesis ae_000: float64, float64 
[ 2023-04-25 10:43:46,526 ] 89 root - INFO - Hypothesis af_000: float64, float64 
[ 2023-04-25 10:43:46,542 ] 89 root - INFO - Hypothesis ag_000: float64, float64 
[ 2023-04-25 10:43:46,556 ] 89 root - INFO - Hypothesis ag_001: float64, float64 
[ 2023-04-25 10:43:46,572 ] 89 root - INFO - Hypothesis ag_002: float64, float64 
[ 2023-04-25 10:43:46,575 ] 89 root - INFO - Hypothesis ag_003: float64, float64 
[ 2023-04-25 10:43:46,579 ] 89 root - INFO - Hypothesis ag_004: float64, float64 
[ 2023-04-25 10:43:46,586 ] 89 root - INFO - Hypothesis ag_005: float64, float64 
[ 2023-04-25 10:43:46,593 ] 89 root - INFO - Hypothesis ag_006: float64, float64 
[ 2023-04-25 10:43:46,600 ] 89 root - INFO - Hypothesis ag_007: float64, float64 
[ 2023-04-25 10:43:46,606 ] 89 root - INFO - Hypothesis ag_008: float64, float64 
[ 2023-04-25 10:43:46,612 ] 89 root - INFO - Hypothesis ag_009: float64, float64 
[ 2023-04-25 10:43:46,617 ] 89 root - INFO - Hypothesis ah_000: float64, float64 
[ 2023-04-25 10:43:46,624 ] 89 root - INFO - Hypothesis ai_000: float64, float64 
[ 2023-04-25 10:43:46,627 ] 89 root - INFO - Hypothesis aj_000: float64, float64 
[ 2023-04-25 10:43:46,631 ] 89 root - INFO - Hypothesis ak_000: float64, float64 
[ 2023-04-25 10:43:46,634 ] 89 root - INFO - Hypothesis al_000: float64, float64 
[ 2023-04-25 10:43:46,639 ] 89 root - INFO - Hypothesis am_0: float64, float64 
[ 2023-04-25 10:43:46,644 ] 89 root - INFO - Hypothesis an_000: float64, float64 
[ 2023-04-25 10:43:46,651 ] 89 root - INFO - Hypothesis ao_000: float64, float64 
[ 2023-04-25 10:43:46,658 ] 89 root - INFO - Hypothesis ap_000: float64, float64 
[ 2023-04-25 10:43:46,665 ] 89 root - INFO - Hypothesis aq_000: float64, float64 
[ 2023-04-25 10:43:46,672 ] 89 root - INFO - Hypothesis ar_000: float64, float64 
[ 2023-04-25 10:43:46,687 ] 89 root - INFO - Hypothesis as_000: float64, float64 
[ 2023-04-25 10:43:46,703 ] 89 root - INFO - Hypothesis at_000: float64, float64 
[ 2023-04-25 10:43:46,719 ] 89 root - INFO - Hypothesis au_000: float64, float64 
[ 2023-04-25 10:43:46,733 ] 89 root - INFO - Hypothesis av_000: float64, float64 
[ 2023-04-25 10:43:46,739 ] 89 root - INFO - Hypothesis ax_000: float64, float64 
[ 2023-04-25 10:43:46,744 ] 89 root - INFO - Hypothesis ay_000: float64, float64 
[ 2023-04-25 10:43:46,759 ] 89 root - INFO - Hypothesis ay_001: float64, float64 
[ 2023-04-25 10:43:46,774 ] 89 root - INFO - Hypothesis ay_002: float64, float64 
[ 2023-04-25 10:43:46,790 ] 89 root - INFO - Hypothesis ay_003: float64, float64 
[ 2023-04-25 10:43:46,805 ] 89 root - INFO - Hypothesis ay_004: float64, float64 
[ 2023-04-25 10:43:46,820 ] 89 root - INFO - Hypothesis ay_005: float64, float64 
[ 2023-04-25 10:43:46,825 ] 89 root - INFO - Hypothesis ay_006: float64, float64 
[ 2023-04-25 10:43:46,831 ] 89 root - INFO - Hypothesis ay_007: float64, float64 
[ 2023-04-25 10:43:46,838 ] 89 root - INFO - Hypothesis ay_008: float64, float64 
[ 2023-04-25 10:43:46,845 ] 89 root - INFO - Hypothesis ay_009: float64, float64 
[ 2023-04-25 10:43:46,860 ] 89 root - INFO - Hypothesis az_000: float64, float64 
[ 2023-04-25 10:43:46,866 ] 89 root - INFO - Hypothesis az_001: float64, float64 
[ 2023-04-25 10:43:46,872 ] 89 root - INFO - Hypothesis az_002: float64, float64 
[ 2023-04-25 10:43:46,879 ] 89 root - INFO - Hypothesis az_003: float64, float64 
[ 2023-04-25 10:43:46,886 ] 89 root - INFO - Hypothesis az_004: float64, float64 
[ 2023-04-25 10:43:46,893 ] 89 root - INFO - Hypothesis az_005: float64, float64 
[ 2023-04-25 10:43:46,900 ] 89 root - INFO - Hypothesis az_006: float64, float64 
[ 2023-04-25 10:43:46,906 ] 89 root - INFO - Hypothesis az_007: float64, float64 
[ 2023-04-25 10:43:46,910 ] 89 root - INFO - Hypothesis az_008: float64, float64 
[ 2023-04-25 10:43:46,926 ] 89 root - INFO - Hypothesis az_009: float64, float64 
[ 2023-04-25 10:43:46,941 ] 89 root - INFO - Hypothesis ba_000: float64, float64 
[ 2023-04-25 10:43:46,948 ] 89 root - INFO - Hypothesis ba_001: float64, float64 
[ 2023-04-25 10:43:46,955 ] 89 root - INFO - Hypothesis ba_002: float64, float64 
[ 2023-04-25 10:43:46,962 ] 89 root - INFO - Hypothesis ba_003: float64, float64 
[ 2023-04-25 10:43:46,969 ] 89 root - INFO - Hypothesis ba_004: float64, float64 
[ 2023-04-25 10:43:46,976 ] 89 root - INFO - Hypothesis ba_005: float64, float64 
[ 2023-04-25 10:43:46,983 ] 89 root - INFO - Hypothesis ba_006: float64, float64 
[ 2023-04-25 10:43:46,989 ] 89 root - INFO - Hypothesis ba_007: float64, float64 
[ 2023-04-25 10:43:46,996 ] 89 root - INFO - Hypothesis ba_008: float64, float64 
[ 2023-04-25 10:43:47,001 ] 89 root - INFO - Hypothesis ba_009: float64, float64 
[ 2023-04-25 10:43:47,006 ] 89 root - INFO - Hypothesis bb_000: float64, float64 
[ 2023-04-25 10:43:47,013 ] 89 root - INFO - Hypothesis bc_000: float64, float64 
[ 2023-04-25 10:43:47,018 ] 89 root - INFO - Hypothesis bd_000: float64, float64 
[ 2023-04-25 10:43:47,024 ] 89 root - INFO - Hypothesis be_000: float64, float64 
[ 2023-04-25 10:43:47,029 ] 89 root - INFO - Hypothesis bf_000: float64, float64 
[ 2023-04-25 10:43:47,034 ] 89 root - INFO - Hypothesis bg_000: float64, float64 
[ 2023-04-25 10:43:47,041 ] 89 root - INFO - Hypothesis bh_000: float64, float64 
[ 2023-04-25 10:43:47,048 ] 89 root - INFO - Hypothesis bi_000: float64, float64 
[ 2023-04-25 10:43:47,055 ] 89 root - INFO - Hypothesis bj_000: float64, float64 
[ 2023-04-25 10:43:47,062 ] 89 root - INFO - Hypothesis bs_000: float64, float64 
[ 2023-04-25 10:43:47,069 ] 89 root - INFO - Hypothesis bt_000: float64, float64 
[ 2023-04-25 10:43:47,076 ] 89 root - INFO - Hypothesis bu_000: float64, float64 
[ 2023-04-25 10:43:47,083 ] 89 root - INFO - Hypothesis bv_000: float64, float64 
[ 2023-04-25 10:43:47,090 ] 89 root - INFO - Hypothesis bx_000: float64, float64 
[ 2023-04-25 10:43:47,097 ] 89 root - INFO - Hypothesis by_000: float64, float64 
[ 2023-04-25 10:43:47,104 ] 89 root - INFO - Hypothesis bz_000: float64, float64 
[ 2023-04-25 10:43:47,110 ] 89 root - INFO - Hypothesis ca_000: float64, float64 
[ 2023-04-25 10:43:47,116 ] 89 root - INFO - Hypothesis cb_000: float64, float64 
[ 2023-04-25 10:43:47,124 ] 89 root - INFO - Hypothesis cc_000: float64, float64 
[ 2023-04-25 10:43:47,131 ] 89 root - INFO - Hypothesis cd_000: float64, float64 
[ 2023-04-25 10:43:47,146 ] 89 root - INFO - Hypothesis ce_000: float64, float64 
[ 2023-04-25 10:43:47,152 ] 89 root - INFO - Hypothesis ci_000: float64, float64 
[ 2023-04-25 10:43:47,159 ] 89 root - INFO - Hypothesis cj_000: float64, float64 
[ 2023-04-25 10:43:47,163 ] 89 root - INFO - Hypothesis ck_000: float64, float64 
[ 2023-04-25 10:43:47,170 ] 89 root - INFO - Hypothesis cl_000: float64, float64 
[ 2023-04-25 10:43:47,174 ] 89 root - INFO - Hypothesis cm_000: float64, float64 
[ 2023-04-25 10:43:47,179 ] 89 root - INFO - Hypothesis cn_000: float64, float64 
[ 2023-04-25 10:43:47,195 ] 89 root - INFO - Hypothesis cn_001: float64, float64 
[ 2023-04-25 10:43:47,201 ] 89 root - INFO - Hypothesis cn_002: float64, float64 
[ 2023-04-25 10:43:47,206 ] 89 root - INFO - Hypothesis cn_003: float64, float64 
[ 2023-04-25 10:43:47,213 ] 89 root - INFO - Hypothesis cn_004: float64, float64 
[ 2023-04-25 10:43:47,220 ] 89 root - INFO - Hypothesis cn_005: float64, float64 
[ 2023-04-25 10:43:47,227 ] 89 root - INFO - Hypothesis cn_006: float64, float64 
[ 2023-04-25 10:43:47,234 ] 89 root - INFO - Hypothesis cn_007: float64, float64 
[ 2023-04-25 10:43:47,240 ] 89 root - INFO - Hypothesis cn_008: float64, float64 
[ 2023-04-25 10:43:47,246 ] 89 root - INFO - Hypothesis cn_009: float64, float64 
[ 2023-04-25 10:43:47,251 ] 89 root - INFO - Hypothesis cp_000: float64, float64 
[ 2023-04-25 10:43:47,256 ] 89 root - INFO - Hypothesis cq_000: float64, float64 
[ 2023-04-25 10:43:47,263 ] 89 root - INFO - Hypothesis cs_000: float64, float64 
[ 2023-04-25 10:43:47,270 ] 89 root - INFO - Hypothesis cs_001: float64, float64 
[ 2023-04-25 10:43:47,275 ] 89 root - INFO - Hypothesis cs_002: float64, float64 
[ 2023-04-25 10:43:47,282 ] 89 root - INFO - Hypothesis cs_003: float64, float64 
[ 2023-04-25 10:43:47,289 ] 89 root - INFO - Hypothesis cs_004: float64, float64 
[ 2023-04-25 10:43:47,296 ] 89 root - INFO - Hypothesis cs_005: float64, float64 
[ 2023-04-25 10:43:47,303 ] 89 root - INFO - Hypothesis cs_006: float64, float64 
[ 2023-04-25 10:43:47,310 ] 89 root - INFO - Hypothesis cs_007: float64, float64 
[ 2023-04-25 10:43:47,317 ] 89 root - INFO - Hypothesis cs_008: float64, float64 
[ 2023-04-25 10:43:47,322 ] 89 root - INFO - Hypothesis cs_009: float64, float64 
[ 2023-04-25 10:43:47,338 ] 89 root - INFO - Hypothesis dd_000: float64, float64 
[ 2023-04-25 10:43:47,344 ] 89 root - INFO - Hypothesis de_000: float64, float64 
[ 2023-04-25 10:43:47,349 ] 89 root - INFO - Hypothesis df_000: float64, float64 
[ 2023-04-25 10:43:47,353 ] 89 root - INFO - Hypothesis dg_000: float64, float64 
[ 2023-04-25 10:43:47,356 ] 89 root - INFO - Hypothesis dh_000: float64, float64 
[ 2023-04-25 10:43:47,359 ] 89 root - INFO - Hypothesis di_000: float64, float64 
[ 2023-04-25 10:43:47,363 ] 89 root - INFO - Hypothesis dj_000: float64, float64 
[ 2023-04-25 10:43:47,379 ] 89 root - INFO - Hypothesis dk_000: float64, float64 
[ 2023-04-25 10:43:47,382 ] 89 root - INFO - Hypothesis dl_000: float64, float64 
[ 2023-04-25 10:43:47,398 ] 89 root - INFO - Hypothesis dm_000: float64, float64 
[ 2023-04-25 10:43:47,413 ] 89 root - INFO - Hypothesis dn_000: float64, float64 
[ 2023-04-25 10:43:47,420 ] 89 root - INFO - Hypothesis do_000: float64, float64 
[ 2023-04-25 10:43:47,427 ] 89 root - INFO - Hypothesis dp_000: float64, float64 
[ 2023-04-25 10:43:47,433 ] 89 root - INFO - Hypothesis dq_000: float64, float64 
[ 2023-04-25 10:43:47,437 ] 89 root - INFO - Hypothesis dr_000: float64, float64 
[ 2023-04-25 10:43:47,441 ] 89 root - INFO - Hypothesis ds_000: float64, float64 
[ 2023-04-25 10:43:47,448 ] 89 root - INFO - Hypothesis dt_000: float64, float64 
[ 2023-04-25 10:43:47,454 ] 89 root - INFO - Hypothesis du_000: float64, float64 
[ 2023-04-25 10:43:47,461 ] 89 root - INFO - Hypothesis dv_000: float64, float64 
[ 2023-04-25 10:43:47,468 ] 89 root - INFO - Hypothesis dx_000: float64, float64 
[ 2023-04-25 10:43:47,472 ] 89 root - INFO - Hypothesis dy_000: float64, float64 
[ 2023-04-25 10:43:47,477 ] 89 root - INFO - Hypothesis dz_000: float64, float64 
[ 2023-04-25 10:43:47,492 ] 89 root - INFO - Hypothesis ea_000: float64, float64 
[ 2023-04-25 10:43:47,507 ] 89 root - INFO - Hypothesis eb_000: float64, float64 
[ 2023-04-25 10:43:47,513 ] 89 root - INFO - Hypothesis ec_00: float64, float64 
[ 2023-04-25 10:43:47,520 ] 89 root - INFO - Hypothesis ed_000: float64, float64 
[ 2023-04-25 10:43:47,526 ] 89 root - INFO - Hypothesis ee_000: float64, float64 
[ 2023-04-25 10:43:47,533 ] 89 root - INFO - Hypothesis ee_001: float64, float64 
[ 2023-04-25 10:43:47,540 ] 89 root - INFO - Hypothesis ee_002: float64, float64 
[ 2023-04-25 10:43:47,547 ] 89 root - INFO - Hypothesis ee_003: float64, float64 
[ 2023-04-25 10:43:47,553 ] 89 root - INFO - Hypothesis ee_004: float64, float64 
[ 2023-04-25 10:43:47,560 ] 89 root - INFO - Hypothesis ee_005: float64, float64 
[ 2023-04-25 10:43:47,567 ] 89 root - INFO - Hypothesis ee_006: float64, float64 
[ 2023-04-25 10:43:47,573 ] 89 root - INFO - Hypothesis ee_007: float64, float64 
[ 2023-04-25 10:43:47,580 ] 89 root - INFO - Hypothesis ee_008: float64, float64 
[ 2023-04-25 10:43:47,586 ] 89 root - INFO - Hypothesis ee_009: float64, float64 
[ 2023-04-25 10:43:47,591 ] 89 root - INFO - Hypothesis ef_000: float64, float64 
[ 2023-04-25 10:43:47,606 ] 89 root - INFO - Hypothesis eg_000: float64, float64 
[ 2023-04-25 10:43:47,622 ] 147 root - INFO - Write reprt in yaml file
[ 2023-04-25 10:43:47,735 ] 152 root - INFO - Data validation artifact: DataValidationArtifact(report_file_path='/config/workspace/artifact/04252023__104330/data_validation/report.yaml')
