[ 2023-04-25 20:14:15,363 ] 16 root - INFO - >>>>>>>>>>>>>>>>>>>>>>>>>>>>>>>>>>>>>>>> Data Ingestion <<<<<<<<<<<<<<<<<<<<<<<<<<<<<<<<<<<<<<<<
[ 2023-04-25 20:14:15,363 ] 23 root - INFO - Exporting collection data as pandas dataframe
[ 2023-04-25 20:14:15,363 ] 22 root - INFO - Reading data from database: aps and collection: sensor
[ 2023-04-25 20:14:18,820 ] 24 root - INFO - Found columns: Index(['_id', 'class', 'aa_000', 'ab_000', 'ac_000', 'ad_000', 'ae_000',
       'af_000', 'ag_000', 'ag_001',
       ...
       'ee_002', 'ee_003', 'ee_004', 'ee_005', 'ee_006', 'ee_007', 'ee_008',
       'ee_009', 'ef_000', 'eg_000'],
      dtype='object', length=172)
[ 2023-04-25 20:14:18,820 ] 26 root - INFO - Dropping column: _id
[ 2023-04-25 20:14:19,015 ] 28 root - INFO - Rows and columns in df: (36188, 171)
[ 2023-04-25 20:14:19,015 ] 29 root - INFO - Save data in feature store
[ 2023-04-25 20:14:20,361 ] 34 root - INFO - Create feature store folder if not available
[ 2023-04-25 20:14:20,361 ] 38 root - INFO - Save df to feature store folder
[ 2023-04-25 20:14:22,169 ] 43 root - INFO - split dataset into train and test set
[ 2023-04-25 20:14:22,516 ] 47 root - INFO - create dataset directory folder if not available
[ 2023-04-25 20:14:22,516 ] 52 root - INFO - Save df to feature store folder
[ 2023-04-25 20:14:24,437 ] 64 root - INFO - Data ingestion artifact: DataIngestionArtifact(feature_store_file_path='/config/workspace/artifact/04252023__201415/data_ingestion/feature_store/sensor.csv', train_file_path='/config/workspace/artifact/04252023__201415/data_ingestion/dataset/train.csv', test_file_path='/config/workspace/artifact/04252023__201415/data_ingestion/dataset/test.csv')
[ 2023-04-25 20:14:24,847 ] 23 root - INFO - >>>>>>>>>>>>>>>>>>>>>>>>>>>>>>>>>>>>>>>> Data Validation <<<<<<<<<<<<<<<<<<<<<<<<<<<<<<<<<<<<<<<<
[ 2023-04-25 20:14:24,848 ] 112 root - INFO - Reading base dataframe
[ 2023-04-25 20:14:27,063 ] 115 root - INFO - Replace na value in base df
[ 2023-04-25 20:14:27,064 ] 117 root - INFO - Drop null values colums from base df
[ 2023-04-25 20:14:27,281 ] 46 root - INFO - selecting column name which contains null above to 0.2
[ 2023-04-25 20:14:27,281 ] 49 root - INFO - Columns to drop: ['ab_000', 'ad_000', 'bk_000', 'bl_000', 'bm_000', 'bn_000', 'bo_000', 'bp_000', 'bq_000', 'br_000', 'cf_000', 'cg_000', 'ch_000', 'co_000', 'cr_000', 'ct_000', 'cu_000', 'cv_000', 'cx_000', 'cy_000', 'cz_000', 'da_000', 'db_000', 'dc_000']
[ 2023-04-25 20:14:27,361 ] 120 root - INFO - Reading train dataframe
[ 2023-04-25 20:14:27,738 ] 122 root - INFO - Reading test dataframe
[ 2023-04-25 20:14:27,836 ] 125 root - INFO - Drop null values colums from train df
[ 2023-04-25 20:14:27,844 ] 46 root - INFO - selecting column name which contains null above to 0.2
[ 2023-04-25 20:14:27,844 ] 49 root - INFO - Columns to drop: ['ab_000', 'ad_000', 'bk_000', 'bl_000', 'bm_000', 'bn_000', 'bo_000', 'bp_000', 'bq_000', 'br_000', 'cf_000', 'cg_000', 'ch_000', 'co_000', 'cr_000', 'ct_000', 'cu_000', 'cv_000', 'cx_000', 'cy_000', 'cz_000', 'da_000', 'db_000', 'dc_000']
[ 2023-04-25 20:14:27,856 ] 127 root - INFO - Drop null values colums from test df
[ 2023-04-25 20:14:27,859 ] 46 root - INFO - selecting column name which contains null above to 0.2
[ 2023-04-25 20:14:27,859 ] 49 root - INFO - Columns to drop: ['ab_000', 'ad_000', 'bk_000', 'bl_000', 'bm_000', 'bn_000', 'bo_000', 'bp_000', 'bq_000', 'br_000', 'cf_000', 'cg_000', 'ch_000', 'co_000', 'cr_000', 'ct_000', 'cu_000', 'cv_000', 'cx_000', 'cy_000', 'cz_000', 'da_000', 'db_000', 'dc_000']
[ 2023-04-25 20:14:28,612 ] 135 root - INFO - Is all required columns present in train df
[ 2023-04-25 20:14:28,612 ] 137 root - INFO - Is all required columns present in test df
[ 2023-04-25 20:14:28,613 ] 141 root - INFO - As all column are available in train df hence detecting data drift
[ 2023-04-25 20:14:28,613 ] 90 root - INFO - Hypothesis class: object, object 
[ 2023-04-25 20:14:28,750 ] 90 root - INFO - Hypothesis aa_000: float64, float64 
[ 2023-04-25 20:14:28,760 ] 90 root - INFO - Hypothesis ac_000: float64, float64 
[ 2023-04-25 20:14:28,799 ] 90 root - INFO - Hypothesis ae_000: float64, float64 
[ 2023-04-25 20:14:28,834 ] 90 root - INFO - Hypothesis af_000: float64, float64 
[ 2023-04-25 20:14:28,870 ] 90 root - INFO - Hypothesis ag_000: float64, float64 
[ 2023-04-25 20:14:28,905 ] 90 root - INFO - Hypothesis ag_001: float64, float64 
[ 2023-04-25 20:14:28,941 ] 90 root - INFO - Hypothesis ag_002: float64, float64 
[ 2023-04-25 20:14:28,977 ] 90 root - INFO - Hypothesis ag_003: float64, float64 
[ 2023-04-25 20:14:28,983 ] 90 root - INFO - Hypothesis ag_004: float64, float64 
[ 2023-04-25 20:14:28,993 ] 90 root - INFO - Hypothesis ag_005: float64, float64 
[ 2023-04-25 20:14:29,004 ] 90 root - INFO - Hypothesis ag_006: float64, float64 
[ 2023-04-25 20:14:29,014 ] 90 root - INFO - Hypothesis ag_007: float64, float64 
[ 2023-04-25 20:14:29,023 ] 90 root - INFO - Hypothesis ag_008: float64, float64 
[ 2023-04-25 20:14:29,032 ] 90 root - INFO - Hypothesis ag_009: float64, float64 
[ 2023-04-25 20:14:29,039 ] 90 root - INFO - Hypothesis ah_000: float64, float64 
[ 2023-04-25 20:14:29,049 ] 90 root - INFO - Hypothesis ai_000: float64, float64 
[ 2023-04-25 20:14:29,085 ] 90 root - INFO - Hypothesis aj_000: float64, float64 
[ 2023-04-25 20:14:29,092 ] 90 root - INFO - Hypothesis ak_000: float64, float64 
[ 2023-04-25 20:14:29,128 ] 90 root - INFO - Hypothesis al_000: float64, float64 
[ 2023-04-25 20:14:29,135 ] 90 root - INFO - Hypothesis am_0: float64, float64 
[ 2023-04-25 20:14:29,143 ] 90 root - INFO - Hypothesis an_000: float64, float64 
[ 2023-04-25 20:14:29,153 ] 90 root - INFO - Hypothesis ao_000: float64, float64 
[ 2023-04-25 20:14:29,163 ] 90 root - INFO - Hypothesis ap_000: float64, float64 
[ 2023-04-25 20:14:29,174 ] 90 root - INFO - Hypothesis aq_000: float64, float64 
[ 2023-04-25 20:14:29,184 ] 90 root - INFO - Hypothesis ar_000: float64, float64 
[ 2023-04-25 20:14:29,220 ] 90 root - INFO - Hypothesis as_000: float64, float64 
[ 2023-04-25 20:14:29,255 ] 90 root - INFO - Hypothesis at_000: float64, float64 
[ 2023-04-25 20:14:29,291 ] 90 root - INFO - Hypothesis au_000: float64, float64 
[ 2023-04-25 20:14:29,326 ] 90 root - INFO - Hypothesis av_000: float64, float64 
[ 2023-04-25 20:14:29,334 ] 90 root - INFO - Hypothesis ax_000: float64, float64 
[ 2023-04-25 20:14:29,342 ] 90 root - INFO - Hypothesis ay_000: float64, float64 
[ 2023-04-25 20:14:29,377 ] 90 root - INFO - Hypothesis ay_001: float64, float64 
[ 2023-04-25 20:14:29,413 ] 90 root - INFO - Hypothesis ay_002: float64, float64 
[ 2023-04-25 20:14:29,448 ] 90 root - INFO - Hypothesis ay_003: float64, float64 
[ 2023-04-25 20:14:29,483 ] 90 root - INFO - Hypothesis ay_004: float64, float64 
[ 2023-04-25 20:14:29,518 ] 90 root - INFO - Hypothesis ay_005: float64, float64 
[ 2023-04-25 20:14:29,557 ] 90 root - INFO - Hypothesis ay_006: float64, float64 
[ 2023-04-25 20:14:29,567 ] 90 root - INFO - Hypothesis ay_007: float64, float64 
[ 2023-04-25 20:14:29,577 ] 90 root - INFO - Hypothesis ay_008: float64, float64 
[ 2023-04-25 20:14:29,587 ] 90 root - INFO - Hypothesis ay_009: float64, float64 
[ 2023-04-25 20:14:29,622 ] 90 root - INFO - Hypothesis az_000: float64, float64 
[ 2023-04-25 20:14:29,633 ] 90 root - INFO - Hypothesis az_001: float64, float64 
[ 2023-04-25 20:14:29,643 ] 90 root - INFO - Hypothesis az_002: float64, float64 
[ 2023-04-25 20:14:29,652 ] 90 root - INFO - Hypothesis az_003: float64, float64 
[ 2023-04-25 20:14:29,662 ] 90 root - INFO - Hypothesis az_004: float64, float64 
[ 2023-04-25 20:14:29,672 ] 90 root - INFO - Hypothesis az_005: float64, float64 
[ 2023-04-25 20:14:29,683 ] 90 root - INFO - Hypothesis az_006: float64, float64 
[ 2023-04-25 20:14:29,724 ] 90 root - INFO - Hypothesis az_007: float64, float64 
[ 2023-04-25 20:14:29,761 ] 90 root - INFO - Hypothesis az_008: float64, float64 
[ 2023-04-25 20:14:29,797 ] 90 root - INFO - Hypothesis az_009: float64, float64 
[ 2023-04-25 20:14:29,834 ] 90 root - INFO - Hypothesis ba_000: float64, float64 
[ 2023-04-25 20:14:29,844 ] 90 root - INFO - Hypothesis ba_001: float64, float64 
[ 2023-04-25 20:14:29,855 ] 90 root - INFO - Hypothesis ba_002: float64, float64 
[ 2023-04-25 20:14:29,865 ] 90 root - INFO - Hypothesis ba_003: float64, float64 
[ 2023-04-25 20:14:29,875 ] 90 root - INFO - Hypothesis ba_004: float64, float64 
[ 2023-04-25 20:14:29,886 ] 90 root - INFO - Hypothesis ba_005: float64, float64 
[ 2023-04-25 20:14:29,896 ] 90 root - INFO - Hypothesis ba_006: float64, float64 
[ 2023-04-25 20:14:29,905 ] 90 root - INFO - Hypothesis ba_007: float64, float64 
[ 2023-04-25 20:14:29,915 ] 90 root - INFO - Hypothesis ba_008: float64, float64 
[ 2023-04-25 20:14:29,955 ] 90 root - INFO - Hypothesis ba_009: float64, float64 
[ 2023-04-25 20:14:29,993 ] 90 root - INFO - Hypothesis bb_000: float64, float64 
[ 2023-04-25 20:14:30,004 ] 90 root - INFO - Hypothesis bc_000: float64, float64 
[ 2023-04-25 20:14:30,043 ] 90 root - INFO - Hypothesis bd_000: float64, float64 
[ 2023-04-25 20:14:30,051 ] 90 root - INFO - Hypothesis be_000: float64, float64 
[ 2023-04-25 20:14:30,060 ] 90 root - INFO - Hypothesis bf_000: float64, float64 
[ 2023-04-25 20:14:30,066 ] 90 root - INFO - Hypothesis bg_000: float64, float64 
[ 2023-04-25 20:14:30,077 ] 90 root - INFO - Hypothesis bh_000: float64, float64 
[ 2023-04-25 20:14:30,087 ] 90 root - INFO - Hypothesis bi_000: float64, float64 
[ 2023-04-25 20:14:30,097 ] 90 root - INFO - Hypothesis bj_000: float64, float64 
[ 2023-04-25 20:14:30,108 ] 90 root - INFO - Hypothesis bs_000: float64, float64 
[ 2023-04-25 20:14:30,119 ] 90 root - INFO - Hypothesis bt_000: float64, float64 
[ 2023-04-25 20:14:30,130 ] 90 root - INFO - Hypothesis bu_000: float64, float64 
[ 2023-04-25 20:14:30,140 ] 90 root - INFO - Hypothesis bv_000: float64, float64 
[ 2023-04-25 20:14:30,150 ] 90 root - INFO - Hypothesis bx_000: float64, float64 
[ 2023-04-25 20:14:30,160 ] 90 root - INFO - Hypothesis by_000: float64, float64 
[ 2023-04-25 20:14:30,171 ] 90 root - INFO - Hypothesis bz_000: float64, float64 
[ 2023-04-25 20:14:30,179 ] 90 root - INFO - Hypothesis ca_000: float64, float64 
[ 2023-04-25 20:14:30,190 ] 90 root - INFO - Hypothesis cb_000: float64, float64 
[ 2023-04-25 20:14:30,201 ] 90 root - INFO - Hypothesis cc_000: float64, float64 
[ 2023-04-25 20:14:30,211 ] 90 root - INFO - Hypothesis cd_000: float64, float64 
[ 2023-04-25 20:14:30,246 ] 90 root - INFO - Hypothesis ce_000: float64, float64 
[ 2023-04-25 20:14:30,256 ] 90 root - INFO - Hypothesis ci_000: float64, float64 
[ 2023-04-25 20:14:30,267 ] 90 root - INFO - Hypothesis cj_000: float64, float64 
[ 2023-04-25 20:14:30,304 ] 90 root - INFO - Hypothesis ck_000: float64, float64 
[ 2023-04-25 20:14:30,315 ] 90 root - INFO - Hypothesis cl_000: float64, float64 
[ 2023-04-25 20:14:30,321 ] 90 root - INFO - Hypothesis cm_000: float64, float64 
[ 2023-04-25 20:14:30,328 ] 90 root - INFO - Hypothesis cn_000: float64, float64 
[ 2023-04-25 20:14:30,364 ] 90 root - INFO - Hypothesis cn_001: float64, float64 
[ 2023-04-25 20:14:30,400 ] 90 root - INFO - Hypothesis cn_002: float64, float64 
[ 2023-04-25 20:14:30,408 ] 90 root - INFO - Hypothesis cn_003: float64, float64 
[ 2023-04-25 20:14:30,419 ] 90 root - INFO - Hypothesis cn_004: float64, float64 
[ 2023-04-25 20:14:30,429 ] 90 root - INFO - Hypothesis cn_005: float64, float64 
[ 2023-04-25 20:14:30,439 ] 90 root - INFO - Hypothesis cn_006: float64, float64 
[ 2023-04-25 20:14:30,449 ] 90 root - INFO - Hypothesis cn_007: float64, float64 
[ 2023-04-25 20:14:30,459 ] 90 root - INFO - Hypothesis cn_008: float64, float64 
[ 2023-04-25 20:14:30,468 ] 90 root - INFO - Hypothesis cn_009: float64, float64 
[ 2023-04-25 20:14:30,506 ] 90 root - INFO - Hypothesis cp_000: float64, float64 
[ 2023-04-25 20:14:30,550 ] 90 root - INFO - Hypothesis cq_000: float64, float64 
[ 2023-04-25 20:14:30,562 ] 90 root - INFO - Hypothesis cs_000: float64, float64 
[ 2023-04-25 20:14:30,573 ] 90 root - INFO - Hypothesis cs_001: float64, float64 
[ 2023-04-25 20:14:30,582 ] 90 root - INFO - Hypothesis cs_002: float64, float64 
[ 2023-04-25 20:14:30,592 ] 90 root - INFO - Hypothesis cs_003: float64, float64 
[ 2023-04-25 20:14:30,602 ] 90 root - INFO - Hypothesis cs_004: float64, float64 
[ 2023-04-25 20:14:30,613 ] 90 root - INFO - Hypothesis cs_005: float64, float64 
[ 2023-04-25 20:14:30,623 ] 90 root - INFO - Hypothesis cs_006: float64, float64 
[ 2023-04-25 20:14:30,634 ] 90 root - INFO - Hypothesis cs_007: float64, float64 
[ 2023-04-25 20:14:30,645 ] 90 root - INFO - Hypothesis cs_008: float64, float64 
[ 2023-04-25 20:14:30,684 ] 90 root - INFO - Hypothesis cs_009: float64, float64 
[ 2023-04-25 20:14:30,719 ] 90 root - INFO - Hypothesis dd_000: float64, float64 
[ 2023-04-25 20:14:30,729 ] 90 root - INFO - Hypothesis de_000: float64, float64 
[ 2023-04-25 20:14:30,737 ] 90 root - INFO - Hypothesis df_000: float64, float64 
[ 2023-04-25 20:14:30,775 ] 90 root - INFO - Hypothesis dg_000: float64, float64 
[ 2023-04-25 20:14:30,811 ] 90 root - INFO - Hypothesis dh_000: float64, float64 
[ 2023-04-25 20:14:30,817 ] 90 root - INFO - Hypothesis di_000: float64, float64 
[ 2023-04-25 20:14:30,855 ] 90 root - INFO - Hypothesis dj_000: float64, float64 
[ 2023-04-25 20:14:30,891 ] 90 root - INFO - Hypothesis dk_000: float64, float64 
[ 2023-04-25 20:14:30,927 ] 90 root - INFO - Hypothesis dl_000: float64, float64 
[ 2023-04-25 20:14:30,962 ] 90 root - INFO - Hypothesis dm_000: float64, float64 
[ 2023-04-25 20:14:30,998 ] 90 root - INFO - Hypothesis dn_000: float64, float64 
[ 2023-04-25 20:14:31,009 ] 90 root - INFO - Hypothesis do_000: float64, float64 
[ 2023-04-25 20:14:31,018 ] 90 root - INFO - Hypothesis dp_000: float64, float64 
[ 2023-04-25 20:14:31,027 ] 90 root - INFO - Hypothesis dq_000: float64, float64 
[ 2023-04-25 20:14:31,065 ] 90 root - INFO - Hypothesis dr_000: float64, float64 
[ 2023-04-25 20:14:31,102 ] 90 root - INFO - Hypothesis ds_000: float64, float64 
[ 2023-04-25 20:14:31,112 ] 90 root - INFO - Hypothesis dt_000: float64, float64 
[ 2023-04-25 20:14:31,122 ] 90 root - INFO - Hypothesis du_000: float64, float64 
[ 2023-04-25 20:14:31,133 ] 90 root - INFO - Hypothesis dv_000: float64, float64 
[ 2023-04-25 20:14:31,143 ] 90 root - INFO - Hypothesis dx_000: float64, float64 
[ 2023-04-25 20:14:31,181 ] 90 root - INFO - Hypothesis dy_000: float64, float64 
[ 2023-04-25 20:14:31,219 ] 90 root - INFO - Hypothesis dz_000: float64, float64 
[ 2023-04-25 20:14:31,253 ] 90 root - INFO - Hypothesis ea_000: float64, float64 
[ 2023-04-25 20:14:31,289 ] 90 root - INFO - Hypothesis eb_000: float64, float64 
[ 2023-04-25 20:14:31,298 ] 90 root - INFO - Hypothesis ec_00: float64, float64 
[ 2023-04-25 20:14:31,308 ] 90 root - INFO - Hypothesis ed_000: float64, float64 
[ 2023-04-25 20:14:31,317 ] 90 root - INFO - Hypothesis ee_000: float64, float64 
[ 2023-04-25 20:14:31,327 ] 90 root - INFO - Hypothesis ee_001: float64, float64 
[ 2023-04-25 20:14:31,338 ] 90 root - INFO - Hypothesis ee_002: float64, float64 
[ 2023-04-25 20:14:31,348 ] 90 root - INFO - Hypothesis ee_003: float64, float64 
[ 2023-04-25 20:14:31,358 ] 90 root - INFO - Hypothesis ee_004: float64, float64 
[ 2023-04-25 20:14:31,369 ] 90 root - INFO - Hypothesis ee_005: float64, float64 
[ 2023-04-25 20:14:31,379 ] 90 root - INFO - Hypothesis ee_006: float64, float64 
[ 2023-04-25 20:14:31,389 ] 90 root - INFO - Hypothesis ee_007: float64, float64 
[ 2023-04-25 20:14:31,398 ] 90 root - INFO - Hypothesis ee_008: float64, float64 
[ 2023-04-25 20:14:31,408 ] 90 root - INFO - Hypothesis ee_009: float64, float64 
[ 2023-04-25 20:14:31,415 ] 90 root - INFO - Hypothesis ef_000: float64, float64 
[ 2023-04-25 20:14:31,451 ] 90 root - INFO - Hypothesis eg_000: float64, float64 
[ 2023-04-25 20:14:31,486 ] 144 root - INFO - As all column are available in test df hence detecting data drift
[ 2023-04-25 20:14:31,487 ] 90 root - INFO - Hypothesis class: object, object 
[ 2023-04-25 20:14:31,562 ] 90 root - INFO - Hypothesis aa_000: float64, float64 
[ 2023-04-25 20:14:31,569 ] 90 root - INFO - Hypothesis ac_000: float64, float64 
[ 2023-04-25 20:14:31,574 ] 90 root - INFO - Hypothesis ae_000: float64, float64 
[ 2023-04-25 20:14:31,589 ] 90 root - INFO - Hypothesis af_000: float64, float64 
[ 2023-04-25 20:14:31,605 ] 90 root - INFO - Hypothesis ag_000: float64, float64 
[ 2023-04-25 20:14:31,620 ] 90 root - INFO - Hypothesis ag_001: float64, float64 
[ 2023-04-25 20:14:31,634 ] 90 root - INFO - Hypothesis ag_002: float64, float64 
[ 2023-04-25 20:14:31,638 ] 90 root - INFO - Hypothesis ag_003: float64, float64 
[ 2023-04-25 20:14:31,642 ] 90 root - INFO - Hypothesis ag_004: float64, float64 
[ 2023-04-25 20:14:31,649 ] 90 root - INFO - Hypothesis ag_005: float64, float64 
[ 2023-04-25 20:14:31,656 ] 90 root - INFO - Hypothesis ag_006: float64, float64 
[ 2023-04-25 20:14:31,663 ] 90 root - INFO - Hypothesis ag_007: float64, float64 
[ 2023-04-25 20:14:31,669 ] 90 root - INFO - Hypothesis ag_008: float64, float64 
[ 2023-04-25 20:14:31,674 ] 90 root - INFO - Hypothesis ag_009: float64, float64 
[ 2023-04-25 20:14:31,679 ] 90 root - INFO - Hypothesis ah_000: float64, float64 
[ 2023-04-25 20:14:31,686 ] 90 root - INFO - Hypothesis ai_000: float64, float64 
[ 2023-04-25 20:14:31,690 ] 90 root - INFO - Hypothesis aj_000: float64, float64 
[ 2023-04-25 20:14:31,694 ] 90 root - INFO - Hypothesis ak_000: float64, float64 
[ 2023-04-25 20:14:31,697 ] 90 root - INFO - Hypothesis al_000: float64, float64 
[ 2023-04-25 20:14:31,702 ] 90 root - INFO - Hypothesis am_0: float64, float64 
[ 2023-04-25 20:14:31,707 ] 90 root - INFO - Hypothesis an_000: float64, float64 
[ 2023-04-25 20:14:31,715 ] 90 root - INFO - Hypothesis ao_000: float64, float64 
[ 2023-04-25 20:14:31,722 ] 90 root - INFO - Hypothesis ap_000: float64, float64 
[ 2023-04-25 20:14:31,729 ] 90 root - INFO - Hypothesis aq_000: float64, float64 
[ 2023-04-25 20:14:31,736 ] 90 root - INFO - Hypothesis ar_000: float64, float64 
[ 2023-04-25 20:14:31,751 ] 90 root - INFO - Hypothesis as_000: float64, float64 
[ 2023-04-25 20:14:31,765 ] 90 root - INFO - Hypothesis at_000: float64, float64 
[ 2023-04-25 20:14:31,781 ] 90 root - INFO - Hypothesis au_000: float64, float64 
[ 2023-04-25 20:14:31,796 ] 90 root - INFO - Hypothesis av_000: float64, float64 
[ 2023-04-25 20:14:31,802 ] 90 root - INFO - Hypothesis ax_000: float64, float64 
[ 2023-04-25 20:14:31,808 ] 90 root - INFO - Hypothesis ay_000: float64, float64 
[ 2023-04-25 20:14:31,824 ] 90 root - INFO - Hypothesis ay_001: float64, float64 
[ 2023-04-25 20:14:31,840 ] 90 root - INFO - Hypothesis ay_002: float64, float64 
[ 2023-04-25 20:14:31,855 ] 90 root - INFO - Hypothesis ay_003: float64, float64 
[ 2023-04-25 20:14:31,871 ] 90 root - INFO - Hypothesis ay_004: float64, float64 
[ 2023-04-25 20:14:31,886 ] 90 root - INFO - Hypothesis ay_005: float64, float64 
[ 2023-04-25 20:14:31,892 ] 90 root - INFO - Hypothesis ay_006: float64, float64 
[ 2023-04-25 20:14:31,898 ] 90 root - INFO - Hypothesis ay_007: float64, float64 
[ 2023-04-25 20:14:31,905 ] 90 root - INFO - Hypothesis ay_008: float64, float64 
[ 2023-04-25 20:14:31,912 ] 90 root - INFO - Hypothesis ay_009: float64, float64 
[ 2023-04-25 20:14:31,927 ] 90 root - INFO - Hypothesis az_000: float64, float64 
[ 2023-04-25 20:14:31,933 ] 90 root - INFO - Hypothesis az_001: float64, float64 
[ 2023-04-25 20:14:31,940 ] 90 root - INFO - Hypothesis az_002: float64, float64 
[ 2023-04-25 20:14:31,946 ] 90 root - INFO - Hypothesis az_003: float64, float64 
[ 2023-04-25 20:14:31,953 ] 90 root - INFO - Hypothesis az_004: float64, float64 
[ 2023-04-25 20:14:31,960 ] 90 root - INFO - Hypothesis az_005: float64, float64 
[ 2023-04-25 20:14:31,967 ] 90 root - INFO - Hypothesis az_006: float64, float64 
[ 2023-04-25 20:14:31,973 ] 90 root - INFO - Hypothesis az_007: float64, float64 
[ 2023-04-25 20:14:31,977 ] 90 root - INFO - Hypothesis az_008: float64, float64 
[ 2023-04-25 20:14:31,993 ] 90 root - INFO - Hypothesis az_009: float64, float64 
[ 2023-04-25 20:14:32,009 ] 90 root - INFO - Hypothesis ba_000: float64, float64 
[ 2023-04-25 20:14:32,016 ] 90 root - INFO - Hypothesis ba_001: float64, float64 
[ 2023-04-25 20:14:32,023 ] 90 root - INFO - Hypothesis ba_002: float64, float64 
[ 2023-04-25 20:14:32,030 ] 90 root - INFO - Hypothesis ba_003: float64, float64 
[ 2023-04-25 20:14:32,037 ] 90 root - INFO - Hypothesis ba_004: float64, float64 
[ 2023-04-25 20:14:32,044 ] 90 root - INFO - Hypothesis ba_005: float64, float64 
[ 2023-04-25 20:14:32,050 ] 90 root - INFO - Hypothesis ba_006: float64, float64 
[ 2023-04-25 20:14:32,057 ] 90 root - INFO - Hypothesis ba_007: float64, float64 
[ 2023-04-25 20:14:32,063 ] 90 root - INFO - Hypothesis ba_008: float64, float64 
[ 2023-04-25 20:14:32,069 ] 90 root - INFO - Hypothesis ba_009: float64, float64 
[ 2023-04-25 20:14:32,073 ] 90 root - INFO - Hypothesis bb_000: float64, float64 
[ 2023-04-25 20:14:32,080 ] 90 root - INFO - Hypothesis bc_000: float64, float64 
[ 2023-04-25 20:14:32,085 ] 90 root - INFO - Hypothesis bd_000: float64, float64 
[ 2023-04-25 20:14:32,091 ] 90 root - INFO - Hypothesis be_000: float64, float64 
[ 2023-04-25 20:14:32,097 ] 90 root - INFO - Hypothesis bf_000: float64, float64 
[ 2023-04-25 20:14:32,102 ] 90 root - INFO - Hypothesis bg_000: float64, float64 
[ 2023-04-25 20:14:32,109 ] 90 root - INFO - Hypothesis bh_000: float64, float64 
[ 2023-04-25 20:14:32,115 ] 90 root - INFO - Hypothesis bi_000: float64, float64 
[ 2023-04-25 20:14:32,122 ] 90 root - INFO - Hypothesis bj_000: float64, float64 
[ 2023-04-25 20:14:32,129 ] 90 root - INFO - Hypothesis bs_000: float64, float64 
[ 2023-04-25 20:14:32,136 ] 90 root - INFO - Hypothesis bt_000: float64, float64 
[ 2023-04-25 20:14:32,143 ] 90 root - INFO - Hypothesis bu_000: float64, float64 
[ 2023-04-25 20:14:32,150 ] 90 root - INFO - Hypothesis bv_000: float64, float64 
[ 2023-04-25 20:14:32,157 ] 90 root - INFO - Hypothesis bx_000: float64, float64 
[ 2023-04-25 20:14:32,164 ] 90 root - INFO - Hypothesis by_000: float64, float64 
[ 2023-04-25 20:14:32,171 ] 90 root - INFO - Hypothesis bz_000: float64, float64 
[ 2023-04-25 20:14:32,177 ] 90 root - INFO - Hypothesis ca_000: float64, float64 
[ 2023-04-25 20:14:32,183 ] 90 root - INFO - Hypothesis cb_000: float64, float64 
[ 2023-04-25 20:14:32,190 ] 90 root - INFO - Hypothesis cc_000: float64, float64 
[ 2023-04-25 20:14:32,197 ] 90 root - INFO - Hypothesis cd_000: float64, float64 
[ 2023-04-25 20:14:32,212 ] 90 root - INFO - Hypothesis ce_000: float64, float64 
[ 2023-04-25 20:14:32,219 ] 90 root - INFO - Hypothesis ci_000: float64, float64 
[ 2023-04-25 20:14:32,226 ] 90 root - INFO - Hypothesis cj_000: float64, float64 
[ 2023-04-25 20:14:32,229 ] 90 root - INFO - Hypothesis ck_000: float64, float64 
[ 2023-04-25 20:14:32,236 ] 90 root - INFO - Hypothesis cl_000: float64, float64 
[ 2023-04-25 20:14:32,240 ] 90 root - INFO - Hypothesis cm_000: float64, float64 
[ 2023-04-25 20:14:32,245 ] 90 root - INFO - Hypothesis cn_000: float64, float64 
[ 2023-04-25 20:14:32,260 ] 90 root - INFO - Hypothesis cn_001: float64, float64 
[ 2023-04-25 20:14:32,264 ] 90 root - INFO - Hypothesis cn_002: float64, float64 
[ 2023-04-25 20:14:32,269 ] 90 root - INFO - Hypothesis cn_003: float64, float64 
[ 2023-04-25 20:14:32,277 ] 90 root - INFO - Hypothesis cn_004: float64, float64 
[ 2023-04-25 20:14:32,284 ] 90 root - INFO - Hypothesis cn_005: float64, float64 
[ 2023-04-25 20:14:32,291 ] 90 root - INFO - Hypothesis cn_006: float64, float64 
[ 2023-04-25 20:14:32,297 ] 90 root - INFO - Hypothesis cn_007: float64, float64 
[ 2023-04-25 20:14:32,304 ] 90 root - INFO - Hypothesis cn_008: float64, float64 
[ 2023-04-25 20:14:32,310 ] 90 root - INFO - Hypothesis cn_009: float64, float64 
[ 2023-04-25 20:14:32,315 ] 90 root - INFO - Hypothesis cp_000: float64, float64 
[ 2023-04-25 20:14:32,323 ] 90 root - INFO - Hypothesis cq_000: float64, float64 
[ 2023-04-25 20:14:32,330 ] 90 root - INFO - Hypothesis cs_000: float64, float64 
[ 2023-04-25 20:14:32,337 ] 90 root - INFO - Hypothesis cs_001: float64, float64 
[ 2023-04-25 20:14:32,343 ] 90 root - INFO - Hypothesis cs_002: float64, float64 
[ 2023-04-25 20:14:32,350 ] 90 root - INFO - Hypothesis cs_003: float64, float64 
[ 2023-04-25 20:14:32,357 ] 90 root - INFO - Hypothesis cs_004: float64, float64 
[ 2023-04-25 20:14:32,364 ] 90 root - INFO - Hypothesis cs_005: float64, float64 
[ 2023-04-25 20:14:32,371 ] 90 root - INFO - Hypothesis cs_006: float64, float64 
[ 2023-04-25 20:14:32,378 ] 90 root - INFO - Hypothesis cs_007: float64, float64 
[ 2023-04-25 20:14:32,385 ] 90 root - INFO - Hypothesis cs_008: float64, float64 
[ 2023-04-25 20:14:32,390 ] 90 root - INFO - Hypothesis cs_009: float64, float64 
[ 2023-04-25 20:14:32,405 ] 90 root - INFO - Hypothesis dd_000: float64, float64 
[ 2023-04-25 20:14:32,411 ] 90 root - INFO - Hypothesis de_000: float64, float64 
[ 2023-04-25 20:14:32,417 ] 90 root - INFO - Hypothesis df_000: float64, float64 
[ 2023-04-25 20:14:32,420 ] 90 root - INFO - Hypothesis dg_000: float64, float64 
[ 2023-04-25 20:14:32,423 ] 90 root - INFO - Hypothesis dh_000: float64, float64 
[ 2023-04-25 20:14:32,427 ] 90 root - INFO - Hypothesis di_000: float64, float64 
[ 2023-04-25 20:14:32,431 ] 90 root - INFO - Hypothesis dj_000: float64, float64 
[ 2023-04-25 20:14:32,446 ] 90 root - INFO - Hypothesis dk_000: float64, float64 
[ 2023-04-25 20:14:32,450 ] 90 root - INFO - Hypothesis dl_000: float64, float64 
[ 2023-04-25 20:14:32,465 ] 90 root - INFO - Hypothesis dm_000: float64, float64 
[ 2023-04-25 20:14:32,481 ] 90 root - INFO - Hypothesis dn_000: float64, float64 
[ 2023-04-25 20:14:32,488 ] 90 root - INFO - Hypothesis do_000: float64, float64 
[ 2023-04-25 20:14:32,494 ] 90 root - INFO - Hypothesis dp_000: float64, float64 
[ 2023-04-25 20:14:32,500 ] 90 root - INFO - Hypothesis dq_000: float64, float64 
[ 2023-04-25 20:14:32,505 ] 90 root - INFO - Hypothesis dr_000: float64, float64 
[ 2023-04-25 20:14:32,510 ] 90 root - INFO - Hypothesis ds_000: float64, float64 
[ 2023-04-25 20:14:32,517 ] 90 root - INFO - Hypothesis dt_000: float64, float64 
[ 2023-04-25 20:14:32,523 ] 90 root - INFO - Hypothesis du_000: float64, float64 
[ 2023-04-25 20:14:32,531 ] 90 root - INFO - Hypothesis dv_000: float64, float64 
[ 2023-04-25 20:14:32,539 ] 90 root - INFO - Hypothesis dx_000: float64, float64 
[ 2023-04-25 20:14:32,544 ] 90 root - INFO - Hypothesis dy_000: float64, float64 
[ 2023-04-25 20:14:32,549 ] 90 root - INFO - Hypothesis dz_000: float64, float64 
[ 2023-04-25 20:14:32,565 ] 90 root - INFO - Hypothesis ea_000: float64, float64 
[ 2023-04-25 20:14:32,584 ] 90 root - INFO - Hypothesis eb_000: float64, float64 
[ 2023-04-25 20:14:32,591 ] 90 root - INFO - Hypothesis ec_00: float64, float64 
[ 2023-04-25 20:14:32,599 ] 90 root - INFO - Hypothesis ed_000: float64, float64 
[ 2023-04-25 20:14:32,605 ] 90 root - INFO - Hypothesis ee_000: float64, float64 
[ 2023-04-25 20:14:32,612 ] 90 root - INFO - Hypothesis ee_001: float64, float64 
[ 2023-04-25 20:14:32,619 ] 90 root - INFO - Hypothesis ee_002: float64, float64 
[ 2023-04-25 20:14:32,629 ] 90 root - INFO - Hypothesis ee_003: float64, float64 
[ 2023-04-25 20:14:32,637 ] 90 root - INFO - Hypothesis ee_004: float64, float64 
[ 2023-04-25 20:14:32,643 ] 90 root - INFO - Hypothesis ee_005: float64, float64 
[ 2023-04-25 20:14:32,650 ] 90 root - INFO - Hypothesis ee_006: float64, float64 
[ 2023-04-25 20:14:32,657 ] 90 root - INFO - Hypothesis ee_007: float64, float64 
[ 2023-04-25 20:14:32,663 ] 90 root - INFO - Hypothesis ee_008: float64, float64 
[ 2023-04-25 20:14:32,669 ] 90 root - INFO - Hypothesis ee_009: float64, float64 
[ 2023-04-25 20:14:32,674 ] 90 root - INFO - Hypothesis ef_000: float64, float64 
[ 2023-04-25 20:14:32,689 ] 90 root - INFO - Hypothesis eg_000: float64, float64 
[ 2023-04-25 20:14:32,705 ] 148 root - INFO - Write reprt in yaml file
[ 2023-04-25 20:14:32,774 ] 153 root - INFO - Data validation artifact: DataValidationArtifact(report_file_path='/config/workspace/artifact/04252023__201415/data_validation/report.yaml')
[ 2023-04-25 20:14:33,753 ] 68 root - INFO - Before resampling in training set input:(28950, 170) Target:(28950,)
[ 2023-04-25 20:14:39,146 ] 70 root - INFO - After resampling in training set input:(56154, 170) Target:(56154,)
[ 2023-04-25 20:14:39,147 ] 72 root - INFO - Before resampling in training set input:(7238, 170) Target:(7238,)
[ 2023-04-25 20:14:39,786 ] 74 root - INFO - After resampling in training set input:(14058, 170) Target:(14058,)
[ 2023-04-25 20:14:39,893 ] 55 root - INFO - Entered the save_object method of utils
[ 2023-04-25 20:14:39,896 ] 59 root - INFO - Exited the save_object method of utils
[ 2023-04-25 20:14:39,896 ] 55 root - INFO - Entered the save_object method of utils
[ 2023-04-25 20:14:39,897 ] 59 root - INFO - Exited the save_object method of utils
[ 2023-04-25 20:14:39,897 ] 97 root - INFO - Data transformation object DataTransformationArtifact(transform_object_path='/config/workspace/artifact/04252023__201415/data_transformation/transformer/transform.pkl', transformed_train_path='/config/workspace/artifact/04252023__201415/data_transformation/transformed/train.csv', transformed_test_path='/config/workspace/artifact/04252023__201415/data_transformation/transformed/test.csv', target_encoder_path='/config/workspace/artifact/04252023__201415/data_transformation/target_encoder/target_encoder.pkl')
[ 2023-04-25 20:14:39,898 ] 18 root - INFO - >>>>>>>>>>>>>>>>>>>>>>>>>>>>>>>>>>>>>>>> Model Trainer <<<<<<<<<<<<<<<<<<<<<<<<<<<<<<<<<<<<<<<<
[ 2023-04-25 20:14:39,898 ] 45 root - INFO - Loading train and test array.
[ 2023-04-25 20:14:39,928 ] 49 root - INFO - Splitting input and target feature from both train and test arr.
[ 2023-04-25 20:14:39,929 ] 53 root - INFO - Train the model
[ 2023-04-25 20:14:48,352 ] 56 root - INFO - Calculating f1 train score
[ 2023-04-25 20:14:48,407 ] 60 root - INFO - Calculating f1 test score
[ 2023-04-25 20:14:48,422 ] 64 root - INFO - train score:0.9999821915124748 and tests score 0.9671388929458158
[ 2023-04-25 20:14:48,422 ] 66 root - INFO - Checking if our model is underfitting or not
[ 2023-04-25 20:14:48,422 ] 71 root - INFO - Checking if our model is overfiiting or not
[ 2023-04-25 20:14:48,422 ] 78 root - INFO - Saving mode object
[ 2023-04-25 20:14:48,422 ] 55 root - INFO - Entered the save_object method of utils
[ 2023-04-25 20:14:48,429 ] 59 root - INFO - Exited the save_object method of utils
[ 2023-04-25 20:14:48,429 ] 82 root - INFO - Prepare the artifact
[ 2023-04-25 20:14:48,430 ] 85 root - INFO - Model trainer artifact: ModelTrainerArtifact(model_path='/config/workspace/artifact/04252023__201415/model_trainer/model/model.pkl', f1_train_score=0.9999821915124748, f1_test_score=0.9671388929458158)
