[ 2023-04-27 15:43:18,813 ] 15 root - INFO - >>>>>>>>>>>>>>>>>>>>>>>>>>>>>>>>>>>>>>>> Data Ingestion <<<<<<<<<<<<<<<<<<<<<<<<<<<<<<<<<<<<<<<<
[ 2023-04-27 15:43:18,813 ] 22 root - INFO - Exporting collection data as pandas dataframe
[ 2023-04-27 15:43:18,813 ] 22 root - INFO - Reading data from database: aps and collection: sensor
[ 2023-04-27 15:43:23,429 ] 24 root - INFO - Found columns: Index(['_id', 'class', 'aa_000', 'ab_000', 'ac_000', 'ad_000', 'ae_000',
       'af_000', 'ag_000', 'ag_001',
       ...
       'ee_002', 'ee_003', 'ee_004', 'ee_005', 'ee_006', 'ee_007', 'ee_008',
       'ee_009', 'ef_000', 'eg_000'],
      dtype='object', length=172)
[ 2023-04-27 15:43:23,430 ] 26 root - INFO - Dropping column: _id
[ 2023-04-27 15:43:23,665 ] 28 root - INFO - Rows and columns in df: (36188, 171)
[ 2023-04-27 15:43:23,666 ] 28 root - INFO - Save data in feature store
[ 2023-04-27 15:43:26,288 ] 34 root - INFO - Create feature store folder if not available
[ 2023-04-27 15:43:26,289 ] 38 root - INFO - Save df to feature store folder
[ 2023-04-27 15:43:28,202 ] 43 root - INFO - split dataset into train and test set
[ 2023-04-27 15:43:28,658 ] 47 root - INFO - create dataset directory folder if not available
[ 2023-04-27 15:43:28,658 ] 52 root - INFO - Save df to feature store folder
[ 2023-04-27 15:43:30,663 ] 64 root - INFO - Data ingestion artifact: DataIngestionArtifact(feature_store_file_path='/config/workspace/artifact/04272023__154318/data_ingestion/feature_store/sensor.csv', train_file_path='/config/workspace/artifact/04272023__154318/data_ingestion/dataset/train.csv', test_file_path='/config/workspace/artifact/04272023__154318/data_ingestion/dataset/test.csv')
[ 2023-04-27 15:43:31,143 ] 23 root - INFO - >>>>>>>>>>>>>>>>>>>>>>>>>>>>>>>>>>>>>>>> Data Validation <<<<<<<<<<<<<<<<<<<<<<<<<<<<<<<<<<<<<<<<
[ 2023-04-27 15:43:31,143 ] 112 root - INFO - Reading base dataframe
[ 2023-04-27 15:43:33,435 ] 115 root - INFO - Replace na value in base df
[ 2023-04-27 15:43:33,436 ] 117 root - INFO - Drop null values colums from base df
[ 2023-04-27 15:43:33,654 ] 46 root - INFO - selecting column name which contains null above to 0.2
[ 2023-04-27 15:43:33,654 ] 49 root - INFO - Columns to drop: ['ab_000', 'ad_000', 'bk_000', 'bl_000', 'bm_000', 'bn_000', 'bo_000', 'bp_000', 'bq_000', 'br_000', 'cf_000', 'cg_000', 'ch_000', 'co_000', 'cr_000', 'ct_000', 'cu_000', 'cv_000', 'cx_000', 'cy_000', 'cz_000', 'da_000', 'db_000', 'dc_000']
[ 2023-04-27 15:43:33,734 ] 120 root - INFO - Reading train dataframe
[ 2023-04-27 15:43:34,132 ] 122 root - INFO - Reading test dataframe
[ 2023-04-27 15:43:34,236 ] 125 root - INFO - Drop null values colums from train df
[ 2023-04-27 15:43:34,244 ] 46 root - INFO - selecting column name which contains null above to 0.2
[ 2023-04-27 15:43:34,244 ] 49 root - INFO - Columns to drop: ['ab_000', 'ad_000', 'bk_000', 'bl_000', 'bm_000', 'bn_000', 'bo_000', 'bp_000', 'bq_000', 'br_000', 'cf_000', 'cg_000', 'ch_000', 'co_000', 'cr_000', 'ct_000', 'cu_000', 'cv_000', 'cx_000', 'cy_000', 'cz_000', 'da_000', 'db_000', 'dc_000']
[ 2023-04-27 15:43:34,256 ] 127 root - INFO - Drop null values colums from test df
[ 2023-04-27 15:43:34,259 ] 46 root - INFO - selecting column name which contains null above to 0.2
[ 2023-04-27 15:43:34,260 ] 49 root - INFO - Columns to drop: ['ab_000', 'ad_000', 'bk_000', 'bl_000', 'bm_000', 'bn_000', 'bo_000', 'bp_000', 'bq_000', 'br_000', 'cf_000', 'cg_000', 'ch_000', 'co_000', 'cr_000', 'ct_000', 'cu_000', 'cv_000', 'cx_000', 'cy_000', 'cz_000', 'da_000', 'db_000', 'dc_000']
[ 2023-04-27 15:43:35,091 ] 135 root - INFO - Is all required columns present in train df
[ 2023-04-27 15:43:35,091 ] 137 root - INFO - Is all required columns present in test df
[ 2023-04-27 15:43:35,091 ] 141 root - INFO - As all column are available in train df hence detecting data drift
[ 2023-04-27 15:43:35,091 ] 90 root - INFO - Hypothesis class: object, object 
[ 2023-04-27 15:43:35,237 ] 90 root - INFO - Hypothesis aa_000: float64, float64 
[ 2023-04-27 15:43:35,248 ] 90 root - INFO - Hypothesis ac_000: float64, float64 
[ 2023-04-27 15:43:35,287 ] 90 root - INFO - Hypothesis ae_000: float64, float64 
[ 2023-04-27 15:43:35,325 ] 90 root - INFO - Hypothesis af_000: float64, float64 
[ 2023-04-27 15:43:35,361 ] 90 root - INFO - Hypothesis ag_000: float64, float64 
[ 2023-04-27 15:43:35,397 ] 90 root - INFO - Hypothesis ag_001: float64, float64 
[ 2023-04-27 15:43:35,434 ] 90 root - INFO - Hypothesis ag_002: float64, float64 
[ 2023-04-27 15:43:35,472 ] 90 root - INFO - Hypothesis ag_003: float64, float64 
[ 2023-04-27 15:43:35,478 ] 90 root - INFO - Hypothesis ag_004: float64, float64 
[ 2023-04-27 15:43:35,489 ] 90 root - INFO - Hypothesis ag_005: float64, float64 
[ 2023-04-27 15:43:35,500 ] 90 root - INFO - Hypothesis ag_006: float64, float64 
[ 2023-04-27 15:43:35,511 ] 90 root - INFO - Hypothesis ag_007: float64, float64 
[ 2023-04-27 15:43:35,520 ] 90 root - INFO - Hypothesis ag_008: float64, float64 
[ 2023-04-27 15:43:35,529 ] 90 root - INFO - Hypothesis ag_009: float64, float64 
[ 2023-04-27 15:43:35,536 ] 90 root - INFO - Hypothesis ah_000: float64, float64 
[ 2023-04-27 15:43:35,547 ] 90 root - INFO - Hypothesis ai_000: float64, float64 
[ 2023-04-27 15:43:35,585 ] 90 root - INFO - Hypothesis aj_000: float64, float64 
[ 2023-04-27 15:43:35,592 ] 90 root - INFO - Hypothesis ak_000: float64, float64 
[ 2023-04-27 15:43:35,629 ] 90 root - INFO - Hypothesis al_000: float64, float64 
[ 2023-04-27 15:43:35,637 ] 90 root - INFO - Hypothesis am_0: float64, float64 
[ 2023-04-27 15:43:35,644 ] 90 root - INFO - Hypothesis an_000: float64, float64 
[ 2023-04-27 15:43:35,655 ] 90 root - INFO - Hypothesis ao_000: float64, float64 
[ 2023-04-27 15:43:35,666 ] 90 root - INFO - Hypothesis ap_000: float64, float64 
[ 2023-04-27 15:43:35,678 ] 90 root - INFO - Hypothesis aq_000: float64, float64 
[ 2023-04-27 15:43:35,688 ] 90 root - INFO - Hypothesis ar_000: float64, float64 
[ 2023-04-27 15:43:35,724 ] 90 root - INFO - Hypothesis as_000: float64, float64 
[ 2023-04-27 15:43:35,763 ] 90 root - INFO - Hypothesis at_000: float64, float64 
[ 2023-04-27 15:43:35,800 ] 90 root - INFO - Hypothesis au_000: float64, float64 
[ 2023-04-27 15:43:35,836 ] 90 root - INFO - Hypothesis av_000: float64, float64 
[ 2023-04-27 15:43:35,844 ] 90 root - INFO - Hypothesis ax_000: float64, float64 
[ 2023-04-27 15:43:35,852 ] 90 root - INFO - Hypothesis ay_000: float64, float64 
[ 2023-04-27 15:43:35,888 ] 90 root - INFO - Hypothesis ay_001: float64, float64 
[ 2023-04-27 15:43:35,924 ] 90 root - INFO - Hypothesis ay_002: float64, float64 
[ 2023-04-27 15:43:35,961 ] 90 root - INFO - Hypothesis ay_003: float64, float64 
[ 2023-04-27 15:43:35,997 ] 90 root - INFO - Hypothesis ay_004: float64, float64 
[ 2023-04-27 15:43:36,038 ] 90 root - INFO - Hypothesis ay_005: float64, float64 
[ 2023-04-27 15:43:36,080 ] 90 root - INFO - Hypothesis ay_006: float64, float64 
[ 2023-04-27 15:43:36,090 ] 90 root - INFO - Hypothesis ay_007: float64, float64 
[ 2023-04-27 15:43:36,100 ] 90 root - INFO - Hypothesis ay_008: float64, float64 
[ 2023-04-27 15:43:36,111 ] 90 root - INFO - Hypothesis ay_009: float64, float64 
[ 2023-04-27 15:43:36,147 ] 90 root - INFO - Hypothesis az_000: float64, float64 
[ 2023-04-27 15:43:36,157 ] 90 root - INFO - Hypothesis az_001: float64, float64 
[ 2023-04-27 15:43:36,166 ] 90 root - INFO - Hypothesis az_002: float64, float64 
[ 2023-04-27 15:43:36,176 ] 90 root - INFO - Hypothesis az_003: float64, float64 
[ 2023-04-27 15:43:36,186 ] 90 root - INFO - Hypothesis az_004: float64, float64 
[ 2023-04-27 15:43:36,196 ] 90 root - INFO - Hypothesis az_005: float64, float64 
[ 2023-04-27 15:43:36,207 ] 90 root - INFO - Hypothesis az_006: float64, float64 
[ 2023-04-27 15:43:36,252 ] 90 root - INFO - Hypothesis az_007: float64, float64 
[ 2023-04-27 15:43:36,289 ] 90 root - INFO - Hypothesis az_008: float64, float64 
[ 2023-04-27 15:43:36,326 ] 90 root - INFO - Hypothesis az_009: float64, float64 
[ 2023-04-27 15:43:36,364 ] 90 root - INFO - Hypothesis ba_000: float64, float64 
[ 2023-04-27 15:43:36,374 ] 90 root - INFO - Hypothesis ba_001: float64, float64 
[ 2023-04-27 15:43:36,385 ] 90 root - INFO - Hypothesis ba_002: float64, float64 
[ 2023-04-27 15:43:36,395 ] 90 root - INFO - Hypothesis ba_003: float64, float64 
[ 2023-04-27 15:43:36,405 ] 90 root - INFO - Hypothesis ba_004: float64, float64 
[ 2023-04-27 15:43:36,416 ] 90 root - INFO - Hypothesis ba_005: float64, float64 
[ 2023-04-27 15:43:36,426 ] 90 root - INFO - Hypothesis ba_006: float64, float64 
[ 2023-04-27 15:43:36,436 ] 90 root - INFO - Hypothesis ba_007: float64, float64 
[ 2023-04-27 15:43:36,446 ] 90 root - INFO - Hypothesis ba_008: float64, float64 
[ 2023-04-27 15:43:36,486 ] 90 root - INFO - Hypothesis ba_009: float64, float64 
[ 2023-04-27 15:43:36,527 ] 90 root - INFO - Hypothesis bb_000: float64, float64 
[ 2023-04-27 15:43:36,537 ] 90 root - INFO - Hypothesis bc_000: float64, float64 
[ 2023-04-27 15:43:36,577 ] 90 root - INFO - Hypothesis bd_000: float64, float64 
[ 2023-04-27 15:43:36,585 ] 90 root - INFO - Hypothesis be_000: float64, float64 
[ 2023-04-27 15:43:36,594 ] 90 root - INFO - Hypothesis bf_000: float64, float64 
[ 2023-04-27 15:43:36,600 ] 90 root - INFO - Hypothesis bg_000: float64, float64 
[ 2023-04-27 15:43:36,611 ] 90 root - INFO - Hypothesis bh_000: float64, float64 
[ 2023-04-27 15:43:36,621 ] 90 root - INFO - Hypothesis bi_000: float64, float64 
[ 2023-04-27 15:43:36,632 ] 90 root - INFO - Hypothesis bj_000: float64, float64 
[ 2023-04-27 15:43:36,643 ] 90 root - INFO - Hypothesis bs_000: float64, float64 
[ 2023-04-27 15:43:36,654 ] 90 root - INFO - Hypothesis bt_000: float64, float64 
[ 2023-04-27 15:43:36,664 ] 90 root - INFO - Hypothesis bu_000: float64, float64 
[ 2023-04-27 15:43:36,675 ] 90 root - INFO - Hypothesis bv_000: float64, float64 
[ 2023-04-27 15:43:36,685 ] 90 root - INFO - Hypothesis bx_000: float64, float64 
[ 2023-04-27 15:43:36,695 ] 90 root - INFO - Hypothesis by_000: float64, float64 
[ 2023-04-27 15:43:36,705 ] 90 root - INFO - Hypothesis bz_000: float64, float64 
[ 2023-04-27 15:43:36,714 ] 90 root - INFO - Hypothesis ca_000: float64, float64 
[ 2023-04-27 15:43:36,725 ] 90 root - INFO - Hypothesis cb_000: float64, float64 
[ 2023-04-27 15:43:36,736 ] 90 root - INFO - Hypothesis cc_000: float64, float64 
[ 2023-04-27 15:43:36,746 ] 90 root - INFO - Hypothesis cd_000: float64, float64 
[ 2023-04-27 15:43:36,783 ] 90 root - INFO - Hypothesis ce_000: float64, float64 
[ 2023-04-27 15:43:36,793 ] 90 root - INFO - Hypothesis ci_000: float64, float64 
[ 2023-04-27 15:43:36,803 ] 90 root - INFO - Hypothesis cj_000: float64, float64 
[ 2023-04-27 15:43:36,843 ] 90 root - INFO - Hypothesis ck_000: float64, float64 
[ 2023-04-27 15:43:36,855 ] 90 root - INFO - Hypothesis cl_000: float64, float64 
[ 2023-04-27 15:43:36,861 ] 90 root - INFO - Hypothesis cm_000: float64, float64 
[ 2023-04-27 15:43:36,868 ] 90 root - INFO - Hypothesis cn_000: float64, float64 
[ 2023-04-27 15:43:36,904 ] 90 root - INFO - Hypothesis cn_001: float64, float64 
[ 2023-04-27 15:43:36,943 ] 90 root - INFO - Hypothesis cn_002: float64, float64 
[ 2023-04-27 15:43:36,951 ] 90 root - INFO - Hypothesis cn_003: float64, float64 
[ 2023-04-27 15:43:36,963 ] 90 root - INFO - Hypothesis cn_004: float64, float64 
[ 2023-04-27 15:43:36,975 ] 90 root - INFO - Hypothesis cn_005: float64, float64 
[ 2023-04-27 15:43:36,986 ] 90 root - INFO - Hypothesis cn_006: float64, float64 
[ 2023-04-27 15:43:36,996 ] 90 root - INFO - Hypothesis cn_007: float64, float64 
[ 2023-04-27 15:43:37,006 ] 90 root - INFO - Hypothesis cn_008: float64, float64 
[ 2023-04-27 15:43:37,016 ] 90 root - INFO - Hypothesis cn_009: float64, float64 
[ 2023-04-27 15:43:37,056 ] 90 root - INFO - Hypothesis cp_000: float64, float64 
[ 2023-04-27 15:43:37,096 ] 90 root - INFO - Hypothesis cq_000: float64, float64 
[ 2023-04-27 15:43:37,107 ] 90 root - INFO - Hypothesis cs_000: float64, float64 
[ 2023-04-27 15:43:37,117 ] 90 root - INFO - Hypothesis cs_001: float64, float64 
[ 2023-04-27 15:43:37,126 ] 90 root - INFO - Hypothesis cs_002: float64, float64 
[ 2023-04-27 15:43:37,136 ] 90 root - INFO - Hypothesis cs_003: float64, float64 
[ 2023-04-27 15:43:37,147 ] 90 root - INFO - Hypothesis cs_004: float64, float64 
[ 2023-04-27 15:43:37,157 ] 90 root - INFO - Hypothesis cs_005: float64, float64 
[ 2023-04-27 15:43:37,168 ] 90 root - INFO - Hypothesis cs_006: float64, float64 
[ 2023-04-27 15:43:37,179 ] 90 root - INFO - Hypothesis cs_007: float64, float64 
[ 2023-04-27 15:43:37,189 ] 90 root - INFO - Hypothesis cs_008: float64, float64 
[ 2023-04-27 15:43:37,230 ] 90 root - INFO - Hypothesis cs_009: float64, float64 
[ 2023-04-27 15:43:37,268 ] 90 root - INFO - Hypothesis dd_000: float64, float64 
[ 2023-04-27 15:43:37,277 ] 90 root - INFO - Hypothesis de_000: float64, float64 
[ 2023-04-27 15:43:37,286 ] 90 root - INFO - Hypothesis df_000: float64, float64 
[ 2023-04-27 15:43:37,324 ] 90 root - INFO - Hypothesis dg_000: float64, float64 
[ 2023-04-27 15:43:37,361 ] 90 root - INFO - Hypothesis dh_000: float64, float64 
[ 2023-04-27 15:43:37,367 ] 90 root - INFO - Hypothesis di_000: float64, float64 
[ 2023-04-27 15:43:37,407 ] 90 root - INFO - Hypothesis dj_000: float64, float64 
[ 2023-04-27 15:43:37,444 ] 90 root - INFO - Hypothesis dk_000: float64, float64 
[ 2023-04-27 15:43:37,481 ] 90 root - INFO - Hypothesis dl_000: float64, float64 
[ 2023-04-27 15:43:37,518 ] 90 root - INFO - Hypothesis dm_000: float64, float64 
[ 2023-04-27 15:43:37,556 ] 90 root - INFO - Hypothesis dn_000: float64, float64 
[ 2023-04-27 15:43:37,566 ] 90 root - INFO - Hypothesis do_000: float64, float64 
[ 2023-04-27 15:43:37,576 ] 90 root - INFO - Hypothesis dp_000: float64, float64 
[ 2023-04-27 15:43:37,585 ] 90 root - INFO - Hypothesis dq_000: float64, float64 
[ 2023-04-27 15:43:37,625 ] 90 root - INFO - Hypothesis dr_000: float64, float64 
[ 2023-04-27 15:43:37,665 ] 90 root - INFO - Hypothesis ds_000: float64, float64 
[ 2023-04-27 15:43:37,676 ] 90 root - INFO - Hypothesis dt_000: float64, float64 
[ 2023-04-27 15:43:37,686 ] 90 root - INFO - Hypothesis du_000: float64, float64 
[ 2023-04-27 15:43:37,696 ] 90 root - INFO - Hypothesis dv_000: float64, float64 
[ 2023-04-27 15:43:37,707 ] 90 root - INFO - Hypothesis dx_000: float64, float64 
[ 2023-04-27 15:43:37,747 ] 90 root - INFO - Hypothesis dy_000: float64, float64 
[ 2023-04-27 15:43:37,786 ] 90 root - INFO - Hypothesis dz_000: float64, float64 
[ 2023-04-27 15:43:37,822 ] 90 root - INFO - Hypothesis ea_000: float64, float64 
[ 2023-04-27 15:43:37,860 ] 90 root - INFO - Hypothesis eb_000: float64, float64 
[ 2023-04-27 15:43:37,869 ] 90 root - INFO - Hypothesis ec_00: float64, float64 
[ 2023-04-27 15:43:37,879 ] 90 root - INFO - Hypothesis ed_000: float64, float64 
[ 2023-04-27 15:43:37,888 ] 90 root - INFO - Hypothesis ee_000: float64, float64 
[ 2023-04-27 15:43:37,899 ] 90 root - INFO - Hypothesis ee_001: float64, float64 
[ 2023-04-27 15:43:37,910 ] 90 root - INFO - Hypothesis ee_002: float64, float64 
[ 2023-04-27 15:43:37,921 ] 90 root - INFO - Hypothesis ee_003: float64, float64 
[ 2023-04-27 15:43:37,931 ] 90 root - INFO - Hypothesis ee_004: float64, float64 
[ 2023-04-27 15:43:37,942 ] 90 root - INFO - Hypothesis ee_005: float64, float64 
[ 2023-04-27 15:43:37,952 ] 90 root - INFO - Hypothesis ee_006: float64, float64 
[ 2023-04-27 15:43:37,962 ] 90 root - INFO - Hypothesis ee_007: float64, float64 
[ 2023-04-27 15:43:37,974 ] 90 root - INFO - Hypothesis ee_008: float64, float64 
[ 2023-04-27 15:43:37,983 ] 90 root - INFO - Hypothesis ee_009: float64, float64 
[ 2023-04-27 15:43:37,991 ] 90 root - INFO - Hypothesis ef_000: float64, float64 
[ 2023-04-27 15:43:38,027 ] 90 root - INFO - Hypothesis eg_000: float64, float64 
[ 2023-04-27 15:43:38,064 ] 144 root - INFO - As all column are available in test df hence detecting data drift
[ 2023-04-27 15:43:38,064 ] 90 root - INFO - Hypothesis class: object, object 
[ 2023-04-27 15:43:38,140 ] 90 root - INFO - Hypothesis aa_000: float64, float64 
[ 2023-04-27 15:43:38,147 ] 90 root - INFO - Hypothesis ac_000: float64, float64 
[ 2023-04-27 15:43:38,153 ] 90 root - INFO - Hypothesis ae_000: float64, float64 
[ 2023-04-27 15:43:38,168 ] 90 root - INFO - Hypothesis af_000: float64, float64 
[ 2023-04-27 15:43:38,184 ] 90 root - INFO - Hypothesis ag_000: float64, float64 
[ 2023-04-27 15:43:38,198 ] 90 root - INFO - Hypothesis ag_001: float64, float64 
[ 2023-04-27 15:43:38,214 ] 90 root - INFO - Hypothesis ag_002: float64, float64 
[ 2023-04-27 15:43:38,217 ] 90 root - INFO - Hypothesis ag_003: float64, float64 
[ 2023-04-27 15:43:38,221 ] 90 root - INFO - Hypothesis ag_004: float64, float64 
[ 2023-04-27 15:43:38,228 ] 90 root - INFO - Hypothesis ag_005: float64, float64 
[ 2023-04-27 15:43:38,235 ] 90 root - INFO - Hypothesis ag_006: float64, float64 
[ 2023-04-27 15:43:38,242 ] 90 root - INFO - Hypothesis ag_007: float64, float64 
[ 2023-04-27 15:43:38,249 ] 90 root - INFO - Hypothesis ag_008: float64, float64 
[ 2023-04-27 15:43:38,254 ] 90 root - INFO - Hypothesis ag_009: float64, float64 
[ 2023-04-27 15:43:38,259 ] 90 root - INFO - Hypothesis ah_000: float64, float64 
[ 2023-04-27 15:43:38,267 ] 90 root - INFO - Hypothesis ai_000: float64, float64 
[ 2023-04-27 15:43:38,270 ] 90 root - INFO - Hypothesis aj_000: float64, float64 
[ 2023-04-27 15:43:38,275 ] 90 root - INFO - Hypothesis ak_000: float64, float64 
[ 2023-04-27 15:43:38,278 ] 90 root - INFO - Hypothesis al_000: float64, float64 
[ 2023-04-27 15:43:38,283 ] 90 root - INFO - Hypothesis am_0: float64, float64 
[ 2023-04-27 15:43:38,288 ] 90 root - INFO - Hypothesis an_000: float64, float64 
[ 2023-04-27 15:43:38,295 ] 90 root - INFO - Hypothesis ao_000: float64, float64 
[ 2023-04-27 15:43:38,302 ] 90 root - INFO - Hypothesis ap_000: float64, float64 
[ 2023-04-27 15:43:38,309 ] 90 root - INFO - Hypothesis aq_000: float64, float64 
[ 2023-04-27 15:43:38,317 ] 90 root - INFO - Hypothesis ar_000: float64, float64 
[ 2023-04-27 15:43:38,332 ] 90 root - INFO - Hypothesis as_000: float64, float64 
[ 2023-04-27 15:43:38,347 ] 90 root - INFO - Hypothesis at_000: float64, float64 
[ 2023-04-27 15:43:38,363 ] 90 root - INFO - Hypothesis au_000: float64, float64 
[ 2023-04-27 15:43:38,378 ] 90 root - INFO - Hypothesis av_000: float64, float64 
[ 2023-04-27 15:43:38,384 ] 90 root - INFO - Hypothesis ax_000: float64, float64 
[ 2023-04-27 15:43:38,390 ] 90 root - INFO - Hypothesis ay_000: float64, float64 
[ 2023-04-27 15:43:38,405 ] 90 root - INFO - Hypothesis ay_001: float64, float64 
[ 2023-04-27 15:43:38,420 ] 90 root - INFO - Hypothesis ay_002: float64, float64 
[ 2023-04-27 15:43:38,436 ] 90 root - INFO - Hypothesis ay_003: float64, float64 
[ 2023-04-27 15:43:38,451 ] 90 root - INFO - Hypothesis ay_004: float64, float64 
[ 2023-04-27 15:43:38,466 ] 90 root - INFO - Hypothesis ay_005: float64, float64 
[ 2023-04-27 15:43:38,471 ] 90 root - INFO - Hypothesis ay_006: float64, float64 
[ 2023-04-27 15:43:38,478 ] 90 root - INFO - Hypothesis ay_007: float64, float64 
[ 2023-04-27 15:43:38,485 ] 90 root - INFO - Hypothesis ay_008: float64, float64 
[ 2023-04-27 15:43:38,491 ] 90 root - INFO - Hypothesis ay_009: float64, float64 
[ 2023-04-27 15:43:38,506 ] 90 root - INFO - Hypothesis az_000: float64, float64 
[ 2023-04-27 15:43:38,513 ] 90 root - INFO - Hypothesis az_001: float64, float64 
[ 2023-04-27 15:43:38,520 ] 90 root - INFO - Hypothesis az_002: float64, float64 
[ 2023-04-27 15:43:38,526 ] 90 root - INFO - Hypothesis az_003: float64, float64 
[ 2023-04-27 15:43:38,533 ] 90 root - INFO - Hypothesis az_004: float64, float64 
[ 2023-04-27 15:43:38,539 ] 90 root - INFO - Hypothesis az_005: float64, float64 
[ 2023-04-27 15:43:38,547 ] 90 root - INFO - Hypothesis az_006: float64, float64 
[ 2023-04-27 15:43:38,553 ] 90 root - INFO - Hypothesis az_007: float64, float64 
[ 2023-04-27 15:43:38,557 ] 90 root - INFO - Hypothesis az_008: float64, float64 
[ 2023-04-27 15:43:38,574 ] 90 root - INFO - Hypothesis az_009: float64, float64 
[ 2023-04-27 15:43:38,589 ] 90 root - INFO - Hypothesis ba_000: float64, float64 
[ 2023-04-27 15:43:38,597 ] 90 root - INFO - Hypothesis ba_001: float64, float64 
[ 2023-04-27 15:43:38,604 ] 90 root - INFO - Hypothesis ba_002: float64, float64 
[ 2023-04-27 15:43:38,611 ] 90 root - INFO - Hypothesis ba_003: float64, float64 
[ 2023-04-27 15:43:38,617 ] 90 root - INFO - Hypothesis ba_004: float64, float64 
[ 2023-04-27 15:43:38,624 ] 90 root - INFO - Hypothesis ba_005: float64, float64 
[ 2023-04-27 15:43:38,631 ] 90 root - INFO - Hypothesis ba_006: float64, float64 
[ 2023-04-27 15:43:38,638 ] 90 root - INFO - Hypothesis ba_007: float64, float64 
[ 2023-04-27 15:43:38,644 ] 90 root - INFO - Hypothesis ba_008: float64, float64 
[ 2023-04-27 15:43:38,650 ] 90 root - INFO - Hypothesis ba_009: float64, float64 
[ 2023-04-27 15:43:38,655 ] 90 root - INFO - Hypothesis bb_000: float64, float64 
[ 2023-04-27 15:43:38,662 ] 90 root - INFO - Hypothesis bc_000: float64, float64 
[ 2023-04-27 15:43:38,667 ] 90 root - INFO - Hypothesis bd_000: float64, float64 
[ 2023-04-27 15:43:38,673 ] 90 root - INFO - Hypothesis be_000: float64, float64 
[ 2023-04-27 15:43:38,679 ] 90 root - INFO - Hypothesis bf_000: float64, float64 
[ 2023-04-27 15:43:38,683 ] 90 root - INFO - Hypothesis bg_000: float64, float64 
[ 2023-04-27 15:43:38,691 ] 90 root - INFO - Hypothesis bh_000: float64, float64 
[ 2023-04-27 15:43:38,698 ] 90 root - INFO - Hypothesis bi_000: float64, float64 
[ 2023-04-27 15:43:38,705 ] 90 root - INFO - Hypothesis bj_000: float64, float64 
[ 2023-04-27 15:43:38,712 ] 90 root - INFO - Hypothesis bs_000: float64, float64 
[ 2023-04-27 15:43:38,720 ] 90 root - INFO - Hypothesis bt_000: float64, float64 
[ 2023-04-27 15:43:38,727 ] 90 root - INFO - Hypothesis bu_000: float64, float64 
[ 2023-04-27 15:43:38,736 ] 90 root - INFO - Hypothesis bv_000: float64, float64 
[ 2023-04-27 15:43:38,743 ] 90 root - INFO - Hypothesis bx_000: float64, float64 
[ 2023-04-27 15:43:38,750 ] 90 root - INFO - Hypothesis by_000: float64, float64 
[ 2023-04-27 15:43:38,757 ] 90 root - INFO - Hypothesis bz_000: float64, float64 
[ 2023-04-27 15:43:38,763 ] 90 root - INFO - Hypothesis ca_000: float64, float64 
[ 2023-04-27 15:43:38,770 ] 90 root - INFO - Hypothesis cb_000: float64, float64 
[ 2023-04-27 15:43:38,777 ] 90 root - INFO - Hypothesis cc_000: float64, float64 
[ 2023-04-27 15:43:38,784 ] 90 root - INFO - Hypothesis cd_000: float64, float64 
[ 2023-04-27 15:43:38,800 ] 90 root - INFO - Hypothesis ce_000: float64, float64 
[ 2023-04-27 15:43:38,807 ] 90 root - INFO - Hypothesis ci_000: float64, float64 
[ 2023-04-27 15:43:38,814 ] 90 root - INFO - Hypothesis cj_000: float64, float64 
[ 2023-04-27 15:43:38,819 ] 90 root - INFO - Hypothesis ck_000: float64, float64 
[ 2023-04-27 15:43:38,826 ] 90 root - INFO - Hypothesis cl_000: float64, float64 
[ 2023-04-27 15:43:38,831 ] 90 root - INFO - Hypothesis cm_000: float64, float64 
[ 2023-04-27 15:43:38,836 ] 90 root - INFO - Hypothesis cn_000: float64, float64 
[ 2023-04-27 15:43:38,853 ] 90 root - INFO - Hypothesis cn_001: float64, float64 
[ 2023-04-27 15:43:38,857 ] 90 root - INFO - Hypothesis cn_002: float64, float64 
[ 2023-04-27 15:43:38,863 ] 90 root - INFO - Hypothesis cn_003: float64, float64 
[ 2023-04-27 15:43:38,870 ] 90 root - INFO - Hypothesis cn_004: float64, float64 
[ 2023-04-27 15:43:38,877 ] 90 root - INFO - Hypothesis cn_005: float64, float64 
[ 2023-04-27 15:43:38,884 ] 90 root - INFO - Hypothesis cn_006: float64, float64 
[ 2023-04-27 15:43:38,891 ] 90 root - INFO - Hypothesis cn_007: float64, float64 
[ 2023-04-27 15:43:38,898 ] 90 root - INFO - Hypothesis cn_008: float64, float64 
[ 2023-04-27 15:43:38,904 ] 90 root - INFO - Hypothesis cn_009: float64, float64 
[ 2023-04-27 15:43:38,909 ] 90 root - INFO - Hypothesis cp_000: float64, float64 
[ 2023-04-27 15:43:38,915 ] 90 root - INFO - Hypothesis cq_000: float64, float64 
[ 2023-04-27 15:43:38,922 ] 90 root - INFO - Hypothesis cs_000: float64, float64 
[ 2023-04-27 15:43:38,928 ] 90 root - INFO - Hypothesis cs_001: float64, float64 
[ 2023-04-27 15:43:38,934 ] 90 root - INFO - Hypothesis cs_002: float64, float64 
[ 2023-04-27 15:43:38,941 ] 90 root - INFO - Hypothesis cs_003: float64, float64 
[ 2023-04-27 15:43:38,948 ] 90 root - INFO - Hypothesis cs_004: float64, float64 
[ 2023-04-27 15:43:38,955 ] 90 root - INFO - Hypothesis cs_005: float64, float64 
[ 2023-04-27 15:43:38,962 ] 90 root - INFO - Hypothesis cs_006: float64, float64 
[ 2023-04-27 15:43:38,971 ] 90 root - INFO - Hypothesis cs_007: float64, float64 
[ 2023-04-27 15:43:38,979 ] 90 root - INFO - Hypothesis cs_008: float64, float64 
[ 2023-04-27 15:43:38,984 ] 90 root - INFO - Hypothesis cs_009: float64, float64 
[ 2023-04-27 15:43:39,000 ] 90 root - INFO - Hypothesis dd_000: float64, float64 
[ 2023-04-27 15:43:39,006 ] 90 root - INFO - Hypothesis de_000: float64, float64 
[ 2023-04-27 15:43:39,012 ] 90 root - INFO - Hypothesis df_000: float64, float64 
[ 2023-04-27 15:43:39,015 ] 90 root - INFO - Hypothesis dg_000: float64, float64 
[ 2023-04-27 15:43:39,019 ] 90 root - INFO - Hypothesis dh_000: float64, float64 
[ 2023-04-27 15:43:39,022 ] 90 root - INFO - Hypothesis di_000: float64, float64 
[ 2023-04-27 15:43:39,026 ] 90 root - INFO - Hypothesis dj_000: float64, float64 
[ 2023-04-27 15:43:39,042 ] 90 root - INFO - Hypothesis dk_000: float64, float64 
[ 2023-04-27 15:43:39,045 ] 90 root - INFO - Hypothesis dl_000: float64, float64 
[ 2023-04-27 15:43:39,061 ] 90 root - INFO - Hypothesis dm_000: float64, float64 
[ 2023-04-27 15:43:39,077 ] 90 root - INFO - Hypothesis dn_000: float64, float64 
[ 2023-04-27 15:43:39,084 ] 90 root - INFO - Hypothesis do_000: float64, float64 
[ 2023-04-27 15:43:39,091 ] 90 root - INFO - Hypothesis dp_000: float64, float64 
[ 2023-04-27 15:43:39,097 ] 90 root - INFO - Hypothesis dq_000: float64, float64 
[ 2023-04-27 15:43:39,102 ] 90 root - INFO - Hypothesis dr_000: float64, float64 
[ 2023-04-27 15:43:39,106 ] 90 root - INFO - Hypothesis ds_000: float64, float64 
[ 2023-04-27 15:43:39,114 ] 90 root - INFO - Hypothesis dt_000: float64, float64 
[ 2023-04-27 15:43:39,120 ] 90 root - INFO - Hypothesis du_000: float64, float64 
[ 2023-04-27 15:43:39,127 ] 90 root - INFO - Hypothesis dv_000: float64, float64 
[ 2023-04-27 15:43:39,135 ] 90 root - INFO - Hypothesis dx_000: float64, float64 
[ 2023-04-27 15:43:39,139 ] 90 root - INFO - Hypothesis dy_000: float64, float64 
[ 2023-04-27 15:43:39,144 ] 90 root - INFO - Hypothesis dz_000: float64, float64 
[ 2023-04-27 15:43:39,160 ] 90 root - INFO - Hypothesis ea_000: float64, float64 
[ 2023-04-27 15:43:39,176 ] 90 root - INFO - Hypothesis eb_000: float64, float64 
[ 2023-04-27 15:43:39,181 ] 90 root - INFO - Hypothesis ec_00: float64, float64 
[ 2023-04-27 15:43:39,188 ] 90 root - INFO - Hypothesis ed_000: float64, float64 
[ 2023-04-27 15:43:39,194 ] 90 root - INFO - Hypothesis ee_000: float64, float64 
[ 2023-04-27 15:43:39,202 ] 90 root - INFO - Hypothesis ee_001: float64, float64 
[ 2023-04-27 15:43:39,209 ] 90 root - INFO - Hypothesis ee_002: float64, float64 
[ 2023-04-27 15:43:39,216 ] 90 root - INFO - Hypothesis ee_003: float64, float64 
[ 2023-04-27 15:43:39,223 ] 90 root - INFO - Hypothesis ee_004: float64, float64 
[ 2023-04-27 15:43:39,230 ] 90 root - INFO - Hypothesis ee_005: float64, float64 
[ 2023-04-27 15:43:39,237 ] 90 root - INFO - Hypothesis ee_006: float64, float64 
[ 2023-04-27 15:43:39,244 ] 90 root - INFO - Hypothesis ee_007: float64, float64 
[ 2023-04-27 15:43:39,251 ] 90 root - INFO - Hypothesis ee_008: float64, float64 
[ 2023-04-27 15:43:39,257 ] 90 root - INFO - Hypothesis ee_009: float64, float64 
[ 2023-04-27 15:43:39,263 ] 90 root - INFO - Hypothesis ef_000: float64, float64 
[ 2023-04-27 15:43:39,278 ] 90 root - INFO - Hypothesis eg_000: float64, float64 
[ 2023-04-27 15:43:39,293 ] 148 root - INFO - Write reprt in yaml file
[ 2023-04-27 15:43:39,365 ] 153 root - INFO - Data validation artifact: DataValidationArtifact(report_file_path='/config/workspace/artifact/04272023__154318/data_validation/report.yaml')
[ 2023-04-27 15:43:40,396 ] 68 root - INFO - Before resampling in training set input:(28950, 170) Target:(28950,)
[ 2023-04-27 15:43:45,797 ] 70 root - INFO - After resampling in training set input:(56148, 170) Target:(56148,)
[ 2023-04-27 15:43:45,798 ] 72 root - INFO - Before resampling in training set input:(7238, 170) Target:(7238,)
[ 2023-04-27 15:43:46,439 ] 74 root - INFO - After resampling in training set input:(14044, 170) Target:(14044,)
[ 2023-04-27 15:43:46,548 ] 55 root - INFO - Entered the save_object method of utils
[ 2023-04-27 15:43:46,551 ] 59 root - INFO - Exited the save_object method of utils
[ 2023-04-27 15:43:46,552 ] 55 root - INFO - Entered the save_object method of utils
[ 2023-04-27 15:43:46,552 ] 59 root - INFO - Exited the save_object method of utils
[ 2023-04-27 15:43:46,552 ] 97 root - INFO - Data transformation object DataTransformationArtifact(transform_object_path='/config/workspace/artifact/04272023__154318/data_transformation/transformer/transform.pkl', transformed_train_path='/config/workspace/artifact/04272023__154318/data_transformation/transformed/train.csv', transformed_test_path='/config/workspace/artifact/04272023__154318/data_transformation/transformed/test.csv', target_encoder_path='/config/workspace/artifact/04272023__154318/data_transformation/target_encoder/target_encoder.pkl')
[ 2023-04-27 15:43:46,554 ] 18 root - INFO - >>>>>>>>>>>>>>>>>>>>>>>>>>>>>>>>>>>>>>>> Model Trainer <<<<<<<<<<<<<<<<<<<<<<<<<<<<<<<<<<<<<<<<
[ 2023-04-27 15:43:46,554 ] 45 root - INFO - Loading train and test array.
[ 2023-04-27 15:43:46,583 ] 49 root - INFO - Splitting input and target feature from both train and test arr.
[ 2023-04-27 15:43:46,583 ] 53 root - INFO - Train the model
[ 2023-04-27 15:43:55,931 ] 56 root - INFO - Calculating f1 train score
[ 2023-04-27 15:43:55,985 ] 60 root - INFO - Calculating f1 test score
[ 2023-04-27 15:43:56,002 ] 64 root - INFO - train score:0.9999821896094181 and tests score 0.9659973618642826
[ 2023-04-27 15:43:56,002 ] 66 root - INFO - Checking if our model is underfitting or not
[ 2023-04-27 15:43:56,002 ] 71 root - INFO - Checking if our model is overfiiting or not
[ 2023-04-27 15:43:56,002 ] 78 root - INFO - Saving mode object
[ 2023-04-27 15:43:56,002 ] 55 root - INFO - Entered the save_object method of utils
[ 2023-04-27 15:43:56,007 ] 59 root - INFO - Exited the save_object method of utils
[ 2023-04-27 15:43:56,008 ] 82 root - INFO - Prepare the artifact
[ 2023-04-27 15:43:56,008 ] 85 root - INFO - Model trainer artifact: ModelTrainerArtifact(model_path='/config/workspace/artifact/04272023__154318/model_trainer/model/model.pkl', f1_train_score=0.9999821896094181, f1_test_score=0.9659973618642826)
[ 2023-04-27 15:43:56,010 ] 18 root - INFO - >>>>>>>>>>>>>>>>>>>>>>>>>>>>>>>>>>>>>>>> Model Evaluation <<<<<<<<<<<<<<<<<<<<<<<<<<<<<<<<<<<<<<<<
[ 2023-04-27 15:43:56,010 ] 32 root - INFO - if saved model folder has model the we will compare which model is best trained or the model from saved model folder
[ 2023-04-27 15:43:56,010 ] 38 root - INFO - Model evaluation artifact: ModelEvaluationArtifact(is_model_accepted=True, improved_accuracy=None)
[ 2023-04-27 15:43:56,011 ] 15 root - INFO - >>>>>>>>>>>>>>>>>>>>>>>>>>>>>>>>>>>>>>>> Model Transformation >>>>>>>>>>>>>>>>>>>>>>>>>>>>>>>>>>>>>>>>
[ 2023-04-27 15:43:56,011 ] 26 root - INFO - loading transformer, model and target encoder
[ 2023-04-27 15:43:56,016 ] 32 root - INFO - Saving model into model pusher directory
[ 2023-04-27 15:43:56,016 ] 55 root - INFO - Entered the save_object method of utils
[ 2023-04-27 15:43:56,018 ] 59 root - INFO - Exited the save_object method of utils
[ 2023-04-27 15:43:56,019 ] 55 root - INFO - Entered the save_object method of utils
[ 2023-04-27 15:43:56,024 ] 59 root - INFO - Exited the save_object method of utils
[ 2023-04-27 15:43:56,025 ] 55 root - INFO - Entered the save_object method of utils
[ 2023-04-27 15:43:56,025 ] 59 root - INFO - Exited the save_object method of utils
[ 2023-04-27 15:43:56,025 ] 38 root - INFO - Saving model in saved model dir
[ 2023-04-27 15:43:56,025 ] 55 root - INFO - Entered the save_object method of utils
[ 2023-04-27 15:43:56,027 ] 59 root - INFO - Exited the save_object method of utils
[ 2023-04-27 15:43:56,027 ] 55 root - INFO - Entered the save_object method of utils
[ 2023-04-27 15:43:56,031 ] 59 root - INFO - Exited the save_object method of utils
[ 2023-04-27 15:43:56,032 ] 55 root - INFO - Entered the save_object method of utils
[ 2023-04-27 15:43:56,032 ] 59 root - INFO - Exited the save_object method of utils
[ 2023-04-27 15:43:56,032 ] 50 root - INFO - Model Pusher Artifact: ModelPusherArtifact(pusher_model_dir='/config/workspace/artifact/04272023__154318/model_pusher/saved_models', saved_model_dir='saved_models')
